{"/home/travis/build/npmtest/node-npmtest-chinese-lunar/test.js":{"path":"/home/travis/build/npmtest/node-npmtest-chinese-lunar/test.js","s":{"1":2,"2":2,"3":2,"4":2,"5":2,"6":2,"7":2,"8":1,"9":2,"10":2,"11":1,"12":1,"13":1,"14":1,"15":2,"16":2,"17":2,"18":2,"19":1,"20":1,"21":2,"22":2,"23":2,"24":1,"25":1,"26":1,"27":1,"28":1,"29":1,"30":1,"31":1,"32":1,"33":1,"34":1,"35":1,"36":1,"37":1,"38":1,"39":2,"40":2,"41":1,"42":2,"43":2,"44":1,"45":2,"46":2,"47":1,"48":2,"49":2,"50":1,"51":1,"52":1,"53":1,"54":1},"b":{"1":[2,1,1,1],"2":[1,1,1,1],"3":[1,1],"4":[1,1],"5":[1,1],"6":[1,1],"7":[1,1],"8":[1,1],"9":[1,1],"10":[1,1,1],"11":[1,1],"12":[1,1],"13":[1,1],"14":[1,1],"15":[1,1],"16":[1,1],"17":[1,1]},"f":{"1":2,"2":2,"3":2,"4":2,"5":2,"6":1,"7":1,"8":1,"9":2,"10":2,"11":2,"12":2,"13":1},"fnMap":{"1":{"name":"(anonymous_1)","line":12,"loc":{"start":{"line":12,"column":1},"end":{"line":12,"column":13}}},"2":{"name":"(anonymous_2)","line":19,"loc":{"start":{"line":19,"column":5},"end":{"line":19,"column":17}}},"3":{"name":"(anonymous_3)","line":23,"loc":{"start":{"line":23,"column":24},"end":{"line":23,"column":36}}},"4":{"name":"(anonymous_4)","line":61,"loc":{"start":{"line":61,"column":5},"end":{"line":61,"column":17}}},"5":{"name":"(anonymous_5)","line":82,"loc":{"start":{"line":82,"column":5},"end":{"line":82,"column":17}}},"6":{"name":"(anonymous_6)","line":91,"loc":{"start":{"line":91,"column":77},"end":{"line":94,"column":10}}},"7":{"name":"(anonymous_7)","line":112,"loc":{"start":{"line":112,"column":83},"end":{"line":115,"column":10}},"skip":true},"8":{"name":"(anonymous_8)","line":123,"loc":{"start":{"line":123,"column":77},"end":{"line":126,"column":10}},"skip":true},"9":{"name":"(anonymous_9)","line":139,"loc":{"start":{"line":139,"column":12},"end":{"line":139,"column":40}},"skip":true},"10":{"name":"(anonymous_10)","line":147,"loc":{"start":{"line":147,"column":77},"end":{"line":150,"column":10}},"skip":true},"11":{"name":"(anonymous_11)","line":158,"loc":{"start":{"line":158,"column":83},"end":{"line":161,"column":10}},"skip":true},"12":{"name":"(anonymous_12)","line":169,"loc":{"start":{"line":169,"column":79},"end":{"line":172,"column":10}},"skip":true},"13":{"name":"(anonymous_13)","line":180,"loc":{"start":{"line":180,"column":75},"end":{"line":183,"column":10}},"skip":true}},"statementMap":{"1":{"start":{"line":12,"column":0},"end":{"line":195,"column":5}},"2":{"start":{"line":14,"column":4},"end":{"line":14,"column":14}},"3":{"start":{"line":19,"column":4},"end":{"line":56,"column":9}},"4":{"start":{"line":21,"column":8},"end":{"line":21,"column":19}},"5":{"start":{"line":23,"column":8},"end":{"line":35,"column":13}},"6":{"start":{"line":24,"column":12},"end":{"line":34,"column":13}},"7":{"start":{"line":25,"column":16},"end":{"line":28,"column":30}},"8":{"start":{"line":30,"column":16},"end":{"line":33,"column":27}},"9":{"start":{"line":37,"column":8},"end":{"line":39,"column":21}},"10":{"start":{"line":40,"column":8},"end":{"line":53,"column":9}},"11":{"start":{"line":43,"column":12},"end":{"line":46,"column":14}},"12":{"start":{"line":47,"column":12},"end":{"line":47,"column":18}},"13":{"start":{"line":50,"column":12},"end":{"line":51,"column":33}},"14":{"start":{"line":52,"column":12},"end":{"line":52,"column":18}},"15":{"start":{"line":55,"column":8},"end":{"line":55,"column":35}},"16":{"start":{"line":61,"column":4},"end":{"line":63,"column":9}},"17":{"start":{"line":62,"column":8},"end":{"line":62,"column":15}},"18":{"start":{"line":64,"column":4},"end":{"line":77,"column":5}},"19":{"start":{"line":70,"column":8},"end":{"line":70,"column":14}},"20":{"start":{"line":76,"column":8},"end":{"line":76,"column":14}},"21":{"start":{"line":82,"column":4},"end":{"line":84,"column":9}},"22":{"start":{"line":83,"column":8},"end":{"line":83,"column":15}},"23":{"start":{"line":85,"column":4},"end":{"line":194,"column":5}},"24":{"start":{"line":91,"column":8},"end":{"line":99,"column":10}},"25":{"start":{"line":98,"column":12},"end":{"line":98,"column":35}},"26":{"start":{"line":102,"column":8},"end":{"line":104,"column":63}},"27":{"start":{"line":105,"column":8},"end":{"line":105,"column":14}},"28":{"start":{"line":112,"column":8},"end":{"line":121,"column":10},"skip":true},"29":{"start":{"line":119,"column":12},"end":{"line":119,"column":55},"skip":true},"30":{"start":{"line":120,"column":12},"end":{"line":120,"column":48},"skip":true},"31":{"start":{"line":123,"column":8},"end":{"line":136,"column":10},"skip":true},"32":{"start":{"line":130,"column":12},"end":{"line":130,"column":76},"skip":true},"33":{"start":{"line":131,"column":12},"end":{"line":131,"column":73},"skip":true},"34":{"start":{"line":132,"column":12},"end":{"line":132,"column":74},"skip":true},"35":{"start":{"line":133,"column":12},"end":{"line":133,"column":79},"skip":true},"36":{"start":{"line":134,"column":12},"end":{"line":134,"column":25},"skip":true},"37":{"start":{"line":135,"column":12},"end":{"line":135,"column":45},"skip":true},"38":{"start":{"line":138,"column":8},"end":{"line":145,"column":14},"skip":true},"39":{"start":{"line":143,"column":16},"end":{"line":143,"column":29},"skip":true},"40":{"start":{"line":144,"column":16},"end":{"line":144,"column":55},"skip":true},"41":{"start":{"line":147,"column":8},"end":{"line":156,"column":10},"skip":true},"42":{"start":{"line":154,"column":12},"end":{"line":154,"column":25},"skip":true},"43":{"start":{"line":155,"column":12},"end":{"line":155,"column":45},"skip":true},"44":{"start":{"line":158,"column":8},"end":{"line":167,"column":10},"skip":true},"45":{"start":{"line":165,"column":12},"end":{"line":165,"column":25},"skip":true},"46":{"start":{"line":166,"column":12},"end":{"line":166,"column":48},"skip":true},"47":{"start":{"line":169,"column":8},"end":{"line":178,"column":10},"skip":true},"48":{"start":{"line":176,"column":12},"end":{"line":176,"column":25},"skip":true},"49":{"start":{"line":177,"column":12},"end":{"line":177,"column":46},"skip":true},"50":{"start":{"line":180,"column":8},"end":{"line":189,"column":10},"skip":true},"51":{"start":{"line":187,"column":12},"end":{"line":187,"column":94},"skip":true},"52":{"start":{"line":188,"column":12},"end":{"line":188,"column":48},"skip":true},"53":{"start":{"line":192,"column":8},"end":{"line":192,"column":35},"skip":true},"54":{"start":{"line":193,"column":8},"end":{"line":193,"column":14},"skip":true}},"branchMap":{"1":{"line":25,"type":"binary-expr","locations":[{"start":{"line":25,"column":23},"end":{"line":25,"column":62}},{"start":{"line":26,"column":20},"end":{"line":26,"column":70}},{"start":{"line":27,"column":20},"end":{"line":27,"column":71}},{"start":{"line":28,"column":20},"end":{"line":28,"column":29}}]},"2":{"line":30,"type":"binary-expr","locations":[{"start":{"line":30,"column":23},"end":{"line":30,"column":37}},{"start":{"line":31,"column":20},"end":{"line":31,"column":61}},{"start":{"line":32,"column":20},"end":{"line":32,"column":70}},{"start":{"line":33,"column":20},"end":{"line":33,"column":26}}]},"3":{"line":37,"type":"cond-expr","locations":[{"start":{"line":38,"column":14},"end":{"line":38,"column":20}},{"start":{"line":39,"column":14},"end":{"line":39,"column":20}}]},"4":{"line":40,"type":"switch","locations":[{"start":{"line":42,"column":8},"end":{"line":47,"column":18}},{"start":{"line":49,"column":8},"end":{"line":52,"column":18}}]},"5":{"line":44,"type":"binary-expr","locations":[{"start":{"line":44,"column":16},"end":{"line":44,"column":44}},{"start":{"line":44,"column":48},"end":{"line":44,"column":66}}]},"6":{"line":50,"type":"binary-expr","locations":[{"start":{"line":50,"column":21},"end":{"line":50,"column":49}},{"start":{"line":50,"column":53},"end":{"line":50,"column":72}}]},"7":{"line":64,"type":"switch","locations":[{"start":{"line":69,"column":4},"end":{"line":70,"column":14}},{"start":{"line":75,"column":4},"end":{"line":76,"column":14}}]},"8":{"line":85,"type":"switch","locations":[{"start":{"line":90,"column":4},"end":{"line":105,"column":14}},{"start":{"line":111,"column":4},"end":{"line":193,"column":14},"skip":true}]},"9":{"line":91,"type":"binary-expr","locations":[{"start":{"line":91,"column":42},"end":{"line":91,"column":73}},{"start":{"line":91,"column":77},"end":{"line":99,"column":9}}]},"10":{"line":102,"type":"binary-expr","locations":[{"start":{"line":102,"column":18},"end":{"line":102,"column":32}},{"start":{"line":103,"column":12},"end":{"line":103,"column":53}},{"start":{"line":104,"column":12},"end":{"line":104,"column":61}}]},"11":{"line":112,"type":"binary-expr","locations":[{"start":{"line":112,"column":45},"end":{"line":112,"column":79},"skip":true},{"start":{"line":112,"column":83},"end":{"line":121,"column":9},"skip":true}]},"12":{"line":123,"type":"binary-expr","locations":[{"start":{"line":123,"column":42},"end":{"line":123,"column":73},"skip":true},{"start":{"line":123,"column":77},"end":{"line":136,"column":9},"skip":true}]},"13":{"line":138,"type":"binary-expr","locations":[{"start":{"line":138,"column":48},"end":{"line":138,"column":85},"skip":true},{"start":{"line":139,"column":12},"end":{"line":145,"column":13},"skip":true}]},"14":{"line":147,"type":"binary-expr","locations":[{"start":{"line":147,"column":42},"end":{"line":147,"column":73},"skip":true},{"start":{"line":147,"column":77},"end":{"line":156,"column":9},"skip":true}]},"15":{"line":158,"type":"binary-expr","locations":[{"start":{"line":158,"column":45},"end":{"line":158,"column":79},"skip":true},{"start":{"line":158,"column":83},"end":{"line":167,"column":9},"skip":true}]},"16":{"line":169,"type":"binary-expr","locations":[{"start":{"line":169,"column":43},"end":{"line":169,"column":75},"skip":true},{"start":{"line":169,"column":79},"end":{"line":178,"column":9},"skip":true}]},"17":{"line":180,"type":"binary-expr","locations":[{"start":{"line":180,"column":41},"end":{"line":180,"column":71},"skip":true},{"start":{"line":180,"column":75},"end":{"line":189,"column":9},"skip":true}]}},"code":["/* istanbul instrument in package npmtest_chinese_lunar */","/*jslint","    bitwise: true,","    browser: true,","    maxerr: 8,","    maxlen: 96,","    node: true,","    nomen: true,","    regexp: true,","    stupid: true","*/","(function () {","    'use strict';","    var local;","","","","    // run shared js-env code - pre-init","    (function () {","        // init local","        local = {};","        // init modeJs","        local.modeJs = (function () {","            try {","                return typeof navigator.userAgent === 'string' &&","                    typeof document.querySelector('body') === 'object' &&","                    typeof XMLHttpRequest.prototype.open === 'function' &&","                    'browser';","            } catch (errorCaughtBrowser) {","                return module.exports &&","                    typeof process.versions.node === 'string' &&","                    typeof require('http').createServer === 'function' &&","                    'node';","            }","        }());","        // init global","        local.global = local.modeJs === 'browser'","            ? window","            : global;","        switch (local.modeJs) {","        // re-init local from window.local","        case 'browser':","            local = local.global.utility2.objectSetDefault(","                local.global.utility2_rollup || local.global.local,","                local.global.utility2","            );","            break;","        // re-init local from example.js","        case 'node':","            local = (local.global.utility2_rollup || require('utility2'))","                .requireReadme();","            break;","        }","        // export local","        local.global.local = local;","    }());","","","","    // run shared js-env code - function","    (function () {","        return;","    }());","    switch (local.modeJs) {","","","","    // run browser js-env code - function","    case 'browser':","        break;","","","","    // run node js-env code - function","    case 'node':","        break;","    }","","","","    // run shared js-env code - post-init","    (function () {","        return;","    }());","    switch (local.modeJs) {","","","","    // run browser js-env code - post-init","    case 'browser':","        local.testCase_browser_nullCase = local.testCase_browser_nullCase || function (","            options,","            onError","        ) {","        /*","         * this function will test browsers's null-case handling-behavior-behavior","         */","            onError(null, options);","        };","","        // run tests","        local.nop(local.modeTest &&","            document.querySelector('#testRunButton1') &&","            document.querySelector('#testRunButton1').click());","        break;","","","","    // run node js-env code - post-init","    /* istanbul ignore next */","    case 'node':","        local.testCase_buildApidoc_default = local.testCase_buildApidoc_default || function (","            options,","            onError","        ) {","        /*","         * this function will test buildApidoc's default handling-behavior-behavior","         */","            options = { modulePathList: module.paths };","            local.buildApidoc(options, onError);","        };","","        local.testCase_buildApp_default = local.testCase_buildApp_default || function (","            options,","            onError","        ) {","        /*","         * this function will test buildApp's default handling-behavior-behavior","         */","            local.testCase_buildReadme_default(options, local.onErrorThrow);","            local.testCase_buildLib_default(options, local.onErrorThrow);","            local.testCase_buildTest_default(options, local.onErrorThrow);","            local.testCase_buildCustomOrg_default(options, local.onErrorThrow);","            options = [];","            local.buildApp(options, onError);","        };","","        local.testCase_buildCustomOrg_default = local.testCase_buildCustomOrg_default ||","            function (options, onError) {","            /*","             * this function will test buildCustomOrg's default handling-behavior","             */","                options = {};","                local.buildCustomOrg(options, onError);","            };","","        local.testCase_buildLib_default = local.testCase_buildLib_default || function (","            options,","            onError","        ) {","        /*","         * this function will test buildLib's default handling-behavior","         */","            options = {};","            local.buildLib(options, onError);","        };","","        local.testCase_buildReadme_default = local.testCase_buildReadme_default || function (","            options,","            onError","        ) {","        /*","         * this function will test buildReadme's default handling-behavior-behavior","         */","            options = {};","            local.buildReadme(options, onError);","        };","","        local.testCase_buildTest_default = local.testCase_buildTest_default || function (","            options,","            onError","        ) {","        /*","         * this function will test buildTest's default handling-behavior","         */","            options = {};","            local.buildTest(options, onError);","        };","","        local.testCase_webpage_default = local.testCase_webpage_default || function (","            options,","            onError","        ) {","        /*","         * this function will test webpage's default handling-behavior","         */","            options = { modeCoverageMerge: true, url: local.serverLocalHost + '?modeTest=1' };","            local.browserTest(options, onError);","        };","","        // run test-server","        local.testRunServer(local);","        break;","    }","}());",""],"l":{"12":2,"14":2,"19":2,"21":2,"23":2,"24":2,"25":2,"30":1,"37":2,"40":2,"43":1,"47":1,"50":1,"52":1,"55":2,"61":2,"62":2,"64":2,"70":1,"76":1,"82":2,"83":2,"85":2,"91":1,"98":1,"102":1,"105":1,"112":1,"119":1,"120":1,"123":1,"130":1,"131":1,"132":1,"133":1,"134":1,"135":1,"138":1,"143":2,"144":2,"147":1,"154":2,"155":2,"158":1,"165":2,"166":2,"169":1,"176":2,"177":2,"180":1,"187":1,"188":1,"192":1,"193":1}},"/home/travis/build/npmtest/node-npmtest-chinese-lunar/lib.npmtest_chinese_lunar.js":{"path":"/home/travis/build/npmtest/node-npmtest-chinese-lunar/lib.npmtest_chinese_lunar.js","s":{"1":2,"2":2,"3":2,"4":2,"5":2,"6":2,"7":2,"8":1,"9":2,"10":2,"11":2,"12":2,"13":1,"14":1,"15":1,"16":1},"b":{"1":[2,1,1,1],"2":[1,1,1,1],"3":[1,1],"4":[2,2],"5":[1,1]},"f":{"1":2,"2":2,"3":2},"fnMap":{"1":{"name":"(anonymous_1)","line":12,"loc":{"start":{"line":12,"column":1},"end":{"line":12,"column":13}}},"2":{"name":"(anonymous_2)","line":19,"loc":{"start":{"line":19,"column":5},"end":{"line":19,"column":17}}},"3":{"name":"(anonymous_3)","line":23,"loc":{"start":{"line":23,"column":24},"end":{"line":23,"column":36}}}},"statementMap":{"1":{"start":{"line":12,"column":0},"end":{"line":53,"column":5}},"2":{"start":{"line":14,"column":4},"end":{"line":14,"column":14}},"3":{"start":{"line":19,"column":4},"end":{"line":52,"column":9}},"4":{"start":{"line":21,"column":8},"end":{"line":21,"column":19}},"5":{"start":{"line":23,"column":8},"end":{"line":35,"column":13}},"6":{"start":{"line":24,"column":12},"end":{"line":34,"column":13}},"7":{"start":{"line":25,"column":16},"end":{"line":28,"column":30}},"8":{"start":{"line":30,"column":16},"end":{"line":33,"column":27}},"9":{"start":{"line":37,"column":8},"end":{"line":39,"column":21}},"10":{"start":{"line":41,"column":8},"end":{"line":41,"column":54}},"11":{"start":{"line":43,"column":8},"end":{"line":43,"column":58}},"12":{"start":{"line":45,"column":8},"end":{"line":51,"column":9}},"13":{"start":{"line":46,"column":12},"end":{"line":46,"column":64}},"14":{"start":{"line":48,"column":12},"end":{"line":48,"column":35}},"15":{"start":{"line":49,"column":12},"end":{"line":49,"column":49}},"16":{"start":{"line":50,"column":12},"end":{"line":50,"column":43}}},"branchMap":{"1":{"line":25,"type":"binary-expr","locations":[{"start":{"line":25,"column":23},"end":{"line":25,"column":62}},{"start":{"line":26,"column":20},"end":{"line":26,"column":70}},{"start":{"line":27,"column":20},"end":{"line":27,"column":71}},{"start":{"line":28,"column":20},"end":{"line":28,"column":29}}]},"2":{"line":30,"type":"binary-expr","locations":[{"start":{"line":30,"column":23},"end":{"line":30,"column":37}},{"start":{"line":31,"column":20},"end":{"line":31,"column":61}},{"start":{"line":32,"column":20},"end":{"line":32,"column":70}},{"start":{"line":33,"column":20},"end":{"line":33,"column":26}}]},"3":{"line":37,"type":"cond-expr","locations":[{"start":{"line":38,"column":14},"end":{"line":38,"column":20}},{"start":{"line":39,"column":14},"end":{"line":39,"column":20}}]},"4":{"line":41,"type":"binary-expr","locations":[{"start":{"line":41,"column":16},"end":{"line":41,"column":44}},{"start":{"line":41,"column":48},"end":{"line":41,"column":53}}]},"5":{"line":45,"type":"if","locations":[{"start":{"line":45,"column":8},"end":{"line":45,"column":8}},{"start":{"line":45,"column":8},"end":{"line":45,"column":8}}]}},"code":["/* istanbul instrument in package npmtest_chinese_lunar */","/*jslint","    bitwise: true,","    browser: true,","    maxerr: 8,","    maxlen: 96,","    node: true,","    nomen: true,","    regexp: true,","    stupid: true","*/","(function () {","    'use strict';","    var local;","","","","    // run shared js-env code - pre-init","    (function () {","        // init local","        local = {};","        // init modeJs","        local.modeJs = (function () {","            try {","                return typeof navigator.userAgent === 'string' &&","                    typeof document.querySelector('body') === 'object' &&","                    typeof XMLHttpRequest.prototype.open === 'function' &&","                    'browser';","            } catch (errorCaughtBrowser) {","                return module.exports &&","                    typeof process.versions.node === 'string' &&","                    typeof require('http').createServer === 'function' &&","                    'node';","            }","        }());","        // init global","        local.global = local.modeJs === 'browser'","            ? window","            : global;","        // init utility2_rollup","        local = local.global.utility2_rollup || local;","        // init lib","        local.local = local.npmtest_chinese_lunar = local;","        // init exports","        if (local.modeJs === 'browser') {","            local.global.utility2_npmtest_chinese_lunar = local;","        } else {","            module.exports = local;","            module.exports.__dirname = __dirname;","            module.exports.module = module;","        }","    }());","}());",""],"l":{"12":2,"14":2,"19":2,"21":2,"23":2,"24":2,"25":2,"30":1,"37":2,"41":2,"43":2,"45":2,"46":1,"48":1,"49":1,"50":1}},"/home/travis/build/npmtest/node-npmtest-chinese-lunar/example.js":{"path":"/home/travis/build/npmtest/node-npmtest-chinese-lunar/example.js","s":{"1":2,"2":2,"3":2,"4":2,"5":2,"6":2,"7":2,"8":1,"9":2,"10":2,"11":2,"12":2,"13":1,"14":2,"15":2,"16":2,"17":2,"18":2,"19":0,"20":2,"21":1,"22":1,"23":1,"24":1,"25":1,"26":0,"27":0,"28":1,"29":1,"30":2,"31":0,"32":0,"33":0,"34":1,"35":2,"36":2,"37":3,"38":3,"39":3,"40":3,"41":0,"42":3,"43":3,"44":3,"45":1,"46":3,"47":1,"48":1,"49":1,"50":1,"51":1,"52":1,"53":1,"54":1,"55":1,"56":1,"57":0,"58":1,"59":6,"60":6,"61":1,"62":2,"63":0,"64":2,"65":1,"66":1,"67":0,"68":0,"69":0,"70":0,"71":0,"72":0,"73":0,"74":0,"75":0,"76":0,"77":0,"78":0,"79":0,"80":0,"81":0,"82":0,"83":0},"b":{"1":[2,1,1,1],"2":[1,1,1,1],"3":[1,1],"4":[2,2],"5":[1,1],"6":[1,1],"7":[2,0],"8":[2,1,1,1,1,1],"9":[0,2,0],"10":[1,1],"11":[2,1,1],"12":[1,0],"13":[0,2],"14":[2,0,0,0,0,0,0],"15":[0,3],"16":[3,0],"17":[1,1],"18":[0,1],"19":[1,2,0,2],"20":[1,0],"21":[1,1],"22":[0,0],"23":[0,0],"24":[0,0],"25":[0,0],"26":[0,0],"27":[0,0],"28":[0,0]},"f":{"1":2,"2":2,"3":2,"4":2,"5":2,"6":2,"7":3,"8":3,"9":3,"10":1,"11":6,"12":0},"fnMap":{"1":{"name":"(anonymous_1)","line":26,"loc":{"start":{"line":26,"column":1},"end":{"line":26,"column":13}}},"2":{"name":"(anonymous_2)","line":33,"loc":{"start":{"line":33,"column":5},"end":{"line":33,"column":17}}},"3":{"name":"(anonymous_3)","line":37,"loc":{"start":{"line":37,"column":24},"end":{"line":37,"column":36}}},"4":{"name":"(anonymous_4)","line":69,"loc":{"start":{"line":69,"column":31},"end":{"line":69,"column":48}},"skip":true},"5":{"name":"(anonymous_5)","line":78,"loc":{"start":{"line":78,"column":26},"end":{"line":78,"column":45}},"skip":true},"6":{"name":"(anonymous_6)","line":123,"loc":{"start":{"line":123,"column":33},"end":{"line":123,"column":48}},"skip":true},"7":{"name":"(anonymous_7)","line":125,"loc":{"start":{"line":125,"column":27},"end":{"line":125,"column":39}},"skip":true},"8":{"name":"(anonymous_8)","line":133,"loc":{"start":{"line":133,"column":59},"end":{"line":133,"column":74}},"skip":true},"9":{"name":"(anonymous_9)","line":143,"loc":{"start":{"line":143,"column":45},"end":{"line":143,"column":62}},"skip":true},"10":{"name":"(anonymous_10)","line":144,"loc":{"start":{"line":144,"column":73},"end":{"line":144,"column":92}},"skip":true},"11":{"name":"(anonymous_11)","line":272,"loc":{"start":{"line":272,"column":51},"end":{"line":272,"column":77}},"skip":true},"12":{"name":"(anonymous_12)","line":315,"loc":{"start":{"line":315,"column":32},"end":{"line":315,"column":61}},"skip":true}},"statementMap":{"1":{"start":{"line":26,"column":0},"end":{"line":326,"column":5}},"2":{"start":{"line":28,"column":4},"end":{"line":28,"column":14}},"3":{"start":{"line":33,"column":4},"end":{"line":60,"column":9}},"4":{"start":{"line":35,"column":8},"end":{"line":35,"column":19}},"5":{"start":{"line":37,"column":8},"end":{"line":49,"column":13}},"6":{"start":{"line":38,"column":12},"end":{"line":48,"column":13}},"7":{"start":{"line":39,"column":16},"end":{"line":42,"column":30}},"8":{"start":{"line":44,"column":16},"end":{"line":47,"column":27}},"9":{"start":{"line":51,"column":8},"end":{"line":53,"column":21}},"10":{"start":{"line":55,"column":8},"end":{"line":57,"column":45}},"11":{"start":{"line":59,"column":8},"end":{"line":59,"column":35}},"12":{"start":{"line":61,"column":4},"end":{"line":325,"column":5}},"13":{"start":{"line":69,"column":8},"end":{"line":121,"column":10},"skip":true},"14":{"start":{"line":70,"column":12},"end":{"line":88,"column":13},"skip":true},"15":{"start":{"line":76,"column":16},"end":{"line":87,"column":19},"skip":true},"16":{"start":{"line":79,"column":20},"end":{"line":86,"column":21},"skip":true},"17":{"start":{"line":82,"column":24},"end":{"line":82,"column":43},"skip":true},"18":{"start":{"line":83,"column":24},"end":{"line":83,"column":30},"skip":true},"19":{"start":{"line":85,"column":24},"end":{"line":85,"column":49},"skip":true},"20":{"start":{"line":89,"column":12},"end":{"line":107,"column":13},"skip":true},"21":{"start":{"line":92,"column":16},"end":{"line":102,"column":17},"skip":true},"22":{"start":{"line":93,"column":20},"end":{"line":93,"column":86},"skip":true},"23":{"start":{"line":94,"column":20},"end":{"line":95,"column":45},"skip":true},"24":{"start":{"line":96,"column":20},"end":{"line":96,"column":42},"skip":true},"25":{"start":{"line":97,"column":20},"end":{"line":97,"column":48},"skip":true},"26":{"start":{"line":100,"column":20},"end":{"line":100,"column":85},"skip":true},"27":{"start":{"line":101,"column":20},"end":{"line":101,"column":96},"skip":true},"28":{"start":{"line":103,"column":16},"end":{"line":103,"column":22},"skip":true},"29":{"start":{"line":106,"column":16},"end":{"line":106,"column":22},"skip":true},"30":{"start":{"line":108,"column":12},"end":{"line":120,"column":13},"skip":true},"31":{"start":{"line":114,"column":16},"end":{"line":119,"column":17},"skip":true},"32":{"start":{"line":116,"column":20},"end":{"line":116,"column":78},"skip":true},"33":{"start":{"line":118,"column":20},"end":{"line":118,"column":47},"skip":true},"34":{"start":{"line":123,"column":8},"end":{"line":141,"column":11},"skip":true},"35":{"start":{"line":124,"column":12},"end":{"line":124,"column":54},"skip":true},"36":{"start":{"line":125,"column":12},"end":{"line":140,"column":14},"skip":true},"37":{"start":{"line":126,"column":16},"end":{"line":126,"column":28},"skip":true},"38":{"start":{"line":127,"column":16},"end":{"line":127,"column":69},"skip":true},"39":{"start":{"line":128,"column":16},"end":{"line":128,"column":75},"skip":true},"40":{"start":{"line":129,"column":16},"end":{"line":131,"column":17},"skip":true},"41":{"start":{"line":130,"column":20},"end":{"line":130,"column":27},"skip":true},"42":{"start":{"line":133,"column":16},"end":{"line":137,"column":36},"skip":true},"43":{"start":{"line":134,"column":20},"end":{"line":136,"column":55},"skip":true},"44":{"start":{"line":139,"column":16},"end":{"line":139,"column":57},"skip":true},"45":{"start":{"line":143,"column":8},"end":{"line":147,"column":11},"skip":true},"46":{"start":{"line":144,"column":12},"end":{"line":146,"column":15},"skip":true},"47":{"start":{"line":145,"column":16},"end":{"line":145,"column":70},"skip":true},"48":{"start":{"line":149,"column":8},"end":{"line":149,"column":31},"skip":true},"49":{"start":{"line":150,"column":8},"end":{"line":150,"column":14},"skip":true},"50":{"start":{"line":158,"column":8},"end":{"line":158,"column":31},"skip":true},"51":{"start":{"line":160,"column":8},"end":{"line":160,"column":33},"skip":true},"52":{"start":{"line":161,"column":8},"end":{"line":161,"column":37},"skip":true},"53":{"start":{"line":162,"column":8},"end":{"line":162,"column":35},"skip":true},"54":{"start":{"line":164,"column":8},"end":{"line":164,"column":50},"skip":true},"55":{"start":{"line":166,"column":8},"end":{"line":256,"column":2},"skip":true},"56":{"start":{"line":258,"column":8},"end":{"line":286,"column":9},"skip":true},"57":{"start":{"line":259,"column":12},"end":{"line":269,"column":14},"skip":true},"58":{"start":{"line":271,"column":12},"end":{"line":285,"column":19},"skip":true},"59":{"start":{"line":274,"column":20},"end":{"line":274,"column":35},"skip":true},"60":{"start":{"line":275,"column":20},"end":{"line":284,"column":21},"skip":true},"61":{"start":{"line":277,"column":24},"end":{"line":277,"column":64},"skip":true},"62":{"start":{"line":279,"column":24},"end":{"line":279,"column":40},"skip":true},"63":{"start":{"line":281,"column":24},"end":{"line":281,"column":40},"skip":true},"64":{"start":{"line":283,"column":24},"end":{"line":283,"column":39},"skip":true},"65":{"start":{"line":288,"column":8},"end":{"line":290,"column":9},"skip":true},"66":{"start":{"line":289,"column":12},"end":{"line":289,"column":18},"skip":true},"67":{"start":{"line":291,"column":8},"end":{"line":293,"column":54},"skip":true},"68":{"start":{"line":296,"column":8},"end":{"line":301,"column":37},"skip":true},"69":{"start":{"line":303,"column":8},"end":{"line":303,"column":82},"skip":true},"70":{"start":{"line":306,"column":8},"end":{"line":308,"column":9},"skip":true},"71":{"start":{"line":307,"column":12},"end":{"line":307,"column":82},"skip":true},"72":{"start":{"line":310,"column":8},"end":{"line":312,"column":9},"skip":true},"73":{"start":{"line":311,"column":12},"end":{"line":311,"column":18},"skip":true},"74":{"start":{"line":313,"column":8},"end":{"line":313,"column":54},"skip":true},"75":{"start":{"line":314,"column":8},"end":{"line":314,"column":69},"skip":true},"76":{"start":{"line":315,"column":8},"end":{"line":323,"column":36},"skip":true},"77":{"start":{"line":316,"column":12},"end":{"line":316,"column":61},"skip":true},"78":{"start":{"line":317,"column":12},"end":{"line":320,"column":13},"skip":true},"79":{"start":{"line":318,"column":16},"end":{"line":318,"column":75},"skip":true},"80":{"start":{"line":319,"column":16},"end":{"line":319,"column":23},"skip":true},"81":{"start":{"line":321,"column":12},"end":{"line":321,"column":38},"skip":true},"82":{"start":{"line":322,"column":12},"end":{"line":322,"column":27},"skip":true},"83":{"start":{"line":324,"column":8},"end":{"line":324,"column":14},"skip":true}},"branchMap":{"1":{"line":39,"type":"binary-expr","locations":[{"start":{"line":39,"column":23},"end":{"line":39,"column":62}},{"start":{"line":40,"column":20},"end":{"line":40,"column":70}},{"start":{"line":41,"column":20},"end":{"line":41,"column":71}},{"start":{"line":42,"column":20},"end":{"line":42,"column":29}}]},"2":{"line":44,"type":"binary-expr","locations":[{"start":{"line":44,"column":23},"end":{"line":44,"column":37}},{"start":{"line":45,"column":20},"end":{"line":45,"column":61}},{"start":{"line":46,"column":20},"end":{"line":46,"column":70}},{"start":{"line":47,"column":20},"end":{"line":47,"column":26}}]},"3":{"line":51,"type":"cond-expr","locations":[{"start":{"line":52,"column":14},"end":{"line":52,"column":20}},{"start":{"line":53,"column":14},"end":{"line":53,"column":20}}]},"4":{"line":55,"type":"binary-expr","locations":[{"start":{"line":55,"column":16},"end":{"line":55,"column":44}},{"start":{"line":55,"column":49},"end":{"line":57,"column":43}}]},"5":{"line":55,"type":"cond-expr","locations":[{"start":{"line":56,"column":14},"end":{"line":56,"column":57}},{"start":{"line":57,"column":14},"end":{"line":57,"column":43}}]},"6":{"line":61,"type":"switch","locations":[{"start":{"line":68,"column":4},"end":{"line":150,"column":14},"skip":true},{"start":{"line":156,"column":4},"end":{"line":324,"column":14},"skip":true}]},"7":{"line":70,"type":"if","locations":[{"start":{"line":70,"column":12},"end":{"line":70,"column":12},"skip":true},{"start":{"line":70,"column":12},"end":{"line":70,"column":12},"skip":true}]},"8":{"line":70,"type":"binary-expr","locations":[{"start":{"line":70,"column":16},"end":{"line":70,"column":22},"skip":true},{"start":{"line":70,"column":27},"end":{"line":70,"column":32},"skip":true},{"start":{"line":71,"column":20},"end":{"line":71,"column":39},"skip":true},{"start":{"line":72,"column":20},"end":{"line":72,"column":49},"skip":true},{"start":{"line":73,"column":20},"end":{"line":73,"column":58},"skip":true},{"start":{"line":74,"column":20},"end":{"line":74,"column":69},"skip":true}]},"9":{"line":79,"type":"switch","locations":[{"start":{"line":80,"column":20},"end":{"line":80,"column":33},"skip":true},{"start":{"line":81,"column":20},"end":{"line":83,"column":30},"skip":true},{"start":{"line":84,"column":20},"end":{"line":85,"column":49},"skip":true}]},"10":{"line":89,"type":"switch","locations":[{"start":{"line":90,"column":12},"end":{"line":103,"column":22},"skip":true},{"start":{"line":105,"column":12},"end":{"line":106,"column":22},"skip":true}]},"11":{"line":89,"type":"binary-expr","locations":[{"start":{"line":89,"column":20},"end":{"line":89,"column":25},"skip":true},{"start":{"line":89,"column":29},"end":{"line":89,"column":48},"skip":true},{"start":{"line":89,"column":52},"end":{"line":89,"column":74},"skip":true}]},"12":{"line":92,"type":"if","locations":[{"start":{"line":92,"column":16},"end":{"line":92,"column":16},"skip":true},{"start":{"line":92,"column":16},"end":{"line":92,"column":16},"skip":true}]},"13":{"line":108,"type":"if","locations":[{"start":{"line":108,"column":12},"end":{"line":108,"column":12},"skip":true},{"start":{"line":108,"column":12},"end":{"line":108,"column":12},"skip":true}]},"14":{"line":108,"type":"binary-expr","locations":[{"start":{"line":108,"column":16},"end":{"line":108,"column":61},"skip":true},{"start":{"line":108,"column":66},"end":{"line":108,"column":72},"skip":true},{"start":{"line":108,"column":77},"end":{"line":108,"column":82},"skip":true},{"start":{"line":109,"column":20},"end":{"line":109,"column":39},"skip":true},{"start":{"line":110,"column":20},"end":{"line":110,"column":49},"skip":true},{"start":{"line":111,"column":20},"end":{"line":111,"column":58},"skip":true},{"start":{"line":112,"column":20},"end":{"line":112,"column":68},"skip":true}]},"15":{"line":129,"type":"if","locations":[{"start":{"line":129,"column":16},"end":{"line":129,"column":16},"skip":true},{"start":{"line":129,"column":16},"end":{"line":129,"column":16},"skip":true}]},"16":{"line":134,"type":"cond-expr","locations":[{"start":{"line":135,"column":26},"end":{"line":135,"column":29},"skip":true},{"start":{"line":136,"column":26},"end":{"line":136,"column":54},"skip":true}]},"17":{"line":164,"type":"binary-expr","locations":[{"start":{"line":164,"column":27},"end":{"line":164,"column":43},"skip":true},{"start":{"line":164,"column":47},"end":{"line":164,"column":49},"skip":true}]},"18":{"line":258,"type":"if","locations":[{"start":{"line":258,"column":8},"end":{"line":258,"column":8},"skip":true},{"start":{"line":258,"column":8},"end":{"line":258,"column":8},"skip":true}]},"19":{"line":275,"type":"switch","locations":[{"start":{"line":276,"column":20},"end":{"line":277,"column":64},"skip":true},{"start":{"line":278,"column":20},"end":{"line":279,"column":40},"skip":true},{"start":{"line":280,"column":20},"end":{"line":281,"column":40},"skip":true},{"start":{"line":282,"column":20},"end":{"line":283,"column":39},"skip":true}]},"20":{"line":288,"type":"if","locations":[{"start":{"line":288,"column":8},"end":{"line":288,"column":8},"skip":true},{"start":{"line":288,"column":8},"end":{"line":288,"column":8},"skip":true}]},"21":{"line":288,"type":"binary-expr","locations":[{"start":{"line":288,"column":12},"end":{"line":288,"column":40},"skip":true},{"start":{"line":288,"column":44},"end":{"line":288,"column":67},"skip":true}]},"22":{"line":292,"type":"binary-expr","locations":[{"start":{"line":292,"column":12},"end":{"line":292,"column":50},"skip":true},{"start":{"line":293,"column":12},"end":{"line":293,"column":53},"skip":true}]},"23":{"line":297,"type":"binary-expr","locations":[{"start":{"line":297,"column":12},"end":{"line":297,"column":71},"skip":true},{"start":{"line":298,"column":12},"end":{"line":301,"column":36},"skip":true}]},"24":{"line":303,"type":"binary-expr","locations":[{"start":{"line":303,"column":43},"end":{"line":303,"column":75},"skip":true},{"start":{"line":303,"column":79},"end":{"line":303,"column":81},"skip":true}]},"25":{"line":306,"type":"if","locations":[{"start":{"line":306,"column":8},"end":{"line":306,"column":8},"skip":true},{"start":{"line":306,"column":8},"end":{"line":306,"column":8},"skip":true}]},"26":{"line":310,"type":"if","locations":[{"start":{"line":310,"column":8},"end":{"line":310,"column":8},"skip":true},{"start":{"line":310,"column":8},"end":{"line":310,"column":8},"skip":true}]},"27":{"line":313,"type":"binary-expr","locations":[{"start":{"line":313,"column":27},"end":{"line":313,"column":43},"skip":true},{"start":{"line":313,"column":47},"end":{"line":313,"column":53},"skip":true}]},"28":{"line":317,"type":"if","locations":[{"start":{"line":317,"column":12},"end":{"line":317,"column":12},"skip":true},{"start":{"line":317,"column":12},"end":{"line":317,"column":12},"skip":true}]}},"code":["/*","example.js","","quickstart example","","instruction","    1. save this script as example.js","    2. run the shell command:","        $ npm install npmtest-chinese-lunar && PORT=8081 node example.js","    3. play with the browser-demo on http://127.0.0.1:8081","*/","","","","/* istanbul instrument in package npmtest_chinese_lunar */","/*jslint","    bitwise: true,","    browser: true,","    maxerr: 8,","    maxlen: 96,","    node: true,","    nomen: true,","    regexp: true,","    stupid: true","*/","(function () {","    'use strict';","    var local;","","","","    // run shared js-env code - pre-init","    (function () {","        // init local","        local = {};","        // init modeJs","        local.modeJs = (function () {","            try {","                return typeof navigator.userAgent === 'string' &&","                    typeof document.querySelector('body') === 'object' &&","                    typeof XMLHttpRequest.prototype.open === 'function' &&","                    'browser';","            } catch (errorCaughtBrowser) {","                return module.exports &&","                    typeof process.versions.node === 'string' &&","                    typeof require('http').createServer === 'function' &&","                    'node';","            }","        }());","        // init global","        local.global = local.modeJs === 'browser'","            ? window","            : global;","        // init utility2_rollup","        local = local.global.utility2_rollup || (local.modeJs === 'browser'","            ? local.global.utility2_npmtest_chinese_lunar","            : global.utility2_moduleExports);","        // export local","        local.global.local = local;","    }());","    switch (local.modeJs) {","","","","    // post-init","    // run browser js-env code - post-init","    /* istanbul ignore next */","    case 'browser':","        local.testRunBrowser = function (event) {","            if (!event || (event &&","                    event.currentTarget &&","                    event.currentTarget.className &&","                    event.currentTarget.className.includes &&","                    event.currentTarget.className.includes('onreset'))) {","                // reset output","                Array.from(","                    document.querySelectorAll('body > .resettable')","                ).forEach(function (element) {","                    switch (element.tagName) {","                    case 'INPUT':","                    case 'TEXTAREA':","                        element.value = '';","                        break;","                    default:","                        element.textContent = '';","                    }","                });","            }","            switch (event && event.currentTarget && event.currentTarget.id) {","            case 'testRunButton1':","                // show tests","                if (document.querySelector('#testReportDiv1').style.display === 'none') {","                    document.querySelector('#testReportDiv1').style.display = 'block';","                    document.querySelector('#testRunButton1').textContent =","                        'hide internal test';","                    local.modeTest = true;","                    local.testRunDefault(local);","                // hide tests","                } else {","                    document.querySelector('#testReportDiv1').style.display = 'none';","                    document.querySelector('#testRunButton1').textContent = 'run internal test';","                }","                break;","            // custom-case","            default:","                break;","            }","            if (document.querySelector('#inputTextareaEval1') && (!event || (event &&","                    event.currentTarget &&","                    event.currentTarget.className &&","                    event.currentTarget.className.includes &&","                    event.currentTarget.className.includes('oneval')))) {","                // try to eval input-code","                try {","                    /*jslint evil: true*/","                    eval(document.querySelector('#inputTextareaEval1').value);","                } catch (errorCaught) {","                    console.error(errorCaught);","                }","            }","        };","        // log stderr and stdout to #outputTextareaStdout1","        ['error', 'log'].forEach(function (key) {","            console[key + '_original'] = console[key];","            console[key] = function () {","                var element;","                console[key + '_original'].apply(console, arguments);","                element = document.querySelector('#outputTextareaStdout1');","                if (!element) {","                    return;","                }","                // append text to #outputTextareaStdout1","                element.value += Array.from(arguments).map(function (arg) {","                    return typeof arg === 'string'","                        ? arg","                        : JSON.stringify(arg, null, 4);","                }).join(' ') + '\\n';","                // scroll textarea to bottom","                element.scrollTop = element.scrollHeight;","            };","        });","        // init event-handling","        ['change', 'click', 'keyup'].forEach(function (event) {","            Array.from(document.querySelectorAll('.on' + event)).forEach(function (element) {","                element.addEventListener(event, local.testRunBrowser);","            });","        });","        // run tests","        local.testRunBrowser();","        break;","","","","    // run node js-env code - post-init","    /* istanbul ignore next */","    case 'node':","        // export local","        module.exports = local;","        // require modules","        local.fs = require('fs');","        local.http = require('http');","        local.url = require('url');","        // init assets","        local.assetsDict = local.assetsDict || {};","        /* jslint-ignore-begin */","        local.assetsDict['/assets.index.template.html'] = '\\","<!doctype html>\\n\\","<html lang=\"en\">\\n\\","<head>\\n\\","<meta charset=\"UTF-8\">\\n\\","<meta name=\"viewport\" content=\"width=device-width, initial-scale=1\">\\n\\","<title>{{env.npm_package_name}} (v{{env.npm_package_version}})</title>\\n\\","<style>\\n\\","/*csslint\\n\\","    box-sizing: false,\\n\\","    universal-selector: false\\n\\","*/\\n\\","* {\\n\\","    box-sizing: border-box;\\n\\","}\\n\\","body {\\n\\","    background: #dde;\\n\\","    font-family: Arial, Helvetica, sans-serif;\\n\\","    margin: 2rem;\\n\\","}\\n\\","body > * {\\n\\","    margin-bottom: 1rem;\\n\\","}\\n\\",".utility2FooterDiv {\\n\\","    margin-top: 20px;\\n\\","    text-align: center;\\n\\","}\\n\\","</style>\\n\\","<style>\\n\\","/*csslint\\n\\","*/\\n\\","textarea {\\n\\","    font-family: monospace;\\n\\","    height: 10rem;\\n\\","    width: 100%;\\n\\","}\\n\\","textarea[readonly] {\\n\\","    background: #ddd;\\n\\","}\\n\\","</style>\\n\\","</head>\\n\\","<body>\\n\\","<!-- utility2-comment\\n\\","<div id=\"ajaxProgressDiv1\" style=\"background: #d00; height: 2px; left: 0; margin: 0; padding: 0; position: fixed; top: 0; transition: background 0.5s, width 1.5s; width: 25%;\"></div>\\n\\","utility2-comment -->\\n\\","<h1>\\n\\","<!-- utility2-comment\\n\\","    <a\\n\\","        {{#if env.npm_package_homepage}}\\n\\","        href=\"{{env.npm_package_homepage}}\"\\n\\","        {{/if env.npm_package_homepage}}\\n\\","        target=\"_blank\"\\n\\","    >\\n\\","utility2-comment -->\\n\\","        {{env.npm_package_name}} (v{{env.npm_package_version}})\\n\\","<!-- utility2-comment\\n\\","    </a>\\n\\","utility2-comment -->\\n\\","</h1>\\n\\","<h3>{{env.npm_package_description}}</h3>\\n\\","<!-- utility2-comment\\n\\","<h4><a download href=\"assets.app.js\">download standalone app</a></h4>\\n\\","<button class=\"onclick onreset\" id=\"testRunButton1\">run internal test</button><br>\\n\\","<div id=\"testReportDiv1\" style=\"display: none;\"></div>\\n\\","utility2-comment -->\\n\\","\\n\\","\\n\\","\\n\\","<label>stderr and stdout</label>\\n\\","<textarea class=\"resettable\" id=\"outputTextareaStdout1\" readonly></textarea>\\n\\","<!-- utility2-comment\\n\\","{{#if isRollup}}\\n\\","<script src=\"assets.app.js\"></script>\\n\\","{{#unless isRollup}}\\n\\","utility2-comment -->\\n\\","<script src=\"assets.utility2.rollup.js\"></script>\\n\\","<script src=\"jsonp.utility2._stateInit?callback=window.utility2._stateInit\"></script>\\n\\","<script src=\"assets.npmtest_chinese_lunar.rollup.js\"></script>\\n\\","<script src=\"assets.example.js\"></script>\\n\\","<script src=\"assets.test.js\"></script>\\n\\","<!-- utility2-comment\\n\\","{{/if isRollup}}\\n\\","utility2-comment -->\\n\\","<div class=\"utility2FooterDiv\">\\n\\","    [ this app was created with\\n\\","    <a href=\"https://github.com/kaizhu256/node-utility2\" target=\"_blank\">utility2</a>\\n\\","    ]\\n\\","</div>\\n\\","</body>\\n\\","</html>\\n\\","';","        /* jslint-ignore-end */","        if (local.templateRender) {","            local.assetsDict['/'] = local.templateRender(","                local.assetsDict['/assets.index.template.html'],","                {","                    env: local.objectSetDefault(local.env, {","                        npm_package_description: 'the greatest app in the world!',","                        npm_package_name: 'my-app',","                        npm_package_nameAlias: 'my_app',","                        npm_package_version: '0.0.1'","                    })","                }","            );","        } else {","            local.assetsDict['/'] = local.assetsDict['/assets.index.template.html']","                .replace((/\\{\\{env\\.(\\w+?)\\}\\}/g), function (match0, match1) {","                    // jslint-hack","                    String(match0);","                    switch (match1) {","                    case 'npm_package_description':","                        return 'the greatest app in the world!';","                    case 'npm_package_name':","                        return 'my-app';","                    case 'npm_package_nameAlias':","                        return 'my_app';","                    case 'npm_package_version':","                        return '0.0.1';","                    }","                });","        }","        // run the cli","        if (local.global.utility2_rollup || module !== require.main) {","            break;","        }","        local.assetsDict['/assets.example.js'] =","            local.assetsDict['/assets.example.js'] ||","            local.fs.readFileSync(__filename, 'utf8');","        // bug-workaround - long $npm_package_buildCustomOrg","        /* jslint-ignore-begin */","        local.assetsDict['/assets.npmtest_chinese_lunar.rollup.js'] =","            local.assetsDict['/assets.npmtest_chinese_lunar.rollup.js'] ||","            local.fs.readFileSync(","                local.npmtest_chinese_lunar.__dirname + '/lib.npmtest_chinese_lunar.js',","                'utf8'","            ).replace((/^#!/), '//');","        /* jslint-ignore-end */","        local.assetsDict['/favicon.ico'] = local.assetsDict['/favicon.ico'] || '';","        // if $npm_config_timeout_exit exists,","        // then exit this process after $npm_config_timeout_exit ms","        if (Number(process.env.npm_config_timeout_exit)) {","            setTimeout(process.exit, Number(process.env.npm_config_timeout_exit));","        }","        // start server","        if (local.global.utility2_serverHttp1) {","            break;","        }","        process.env.PORT = process.env.PORT || '8081';","        console.error('server starting on port ' + process.env.PORT);","        local.http.createServer(function (request, response) {","            request.urlParsed = local.url.parse(request.url);","            if (local.assetsDict[request.urlParsed.pathname] !== undefined) {","                response.end(local.assetsDict[request.urlParsed.pathname]);","                return;","            }","            response.statusCode = 404;","            response.end();","        }).listen(process.env.PORT);","        break;","    }","}());",""],"l":{"26":2,"28":2,"33":2,"35":2,"37":2,"38":2,"39":2,"44":1,"51":2,"55":2,"59":2,"61":2,"69":1,"70":2,"76":2,"79":2,"82":2,"83":2,"85":1,"89":2,"92":1,"93":1,"94":1,"96":1,"97":1,"100":1,"101":1,"103":1,"106":1,"108":2,"114":1,"116":1,"118":1,"123":1,"124":2,"125":2,"126":3,"127":3,"128":3,"129":3,"130":1,"133":3,"134":3,"139":3,"143":1,"144":3,"145":1,"149":1,"150":1,"158":1,"160":1,"161":1,"162":1,"164":1,"166":1,"258":1,"259":1,"271":1,"274":6,"275":6,"277":1,"279":2,"281":1,"283":2,"288":1,"289":1,"291":1,"296":1,"303":1,"306":1,"307":1,"310":1,"311":1,"313":1,"314":1,"315":1,"316":1,"317":1,"318":1,"319":1,"321":1,"322":1,"324":1}},"/home/travis/build/npmtest/node-npmtest-chinese-lunar/node_modules/chinese-lunar/lib/chinese-lunar.js":{"path":"/home/travis/build/npmtest/node-npmtest-chinese-lunar/node_modules/chinese-lunar/lib/chinese-lunar.js","s":{"1":1,"2":1,"3":1,"4":1,"5":1,"6":0,"7":0,"8":0,"9":0,"10":0,"11":0,"12":0,"13":0,"14":0,"15":1,"16":0,"17":0,"18":0,"19":0,"20":0,"21":0,"22":0,"23":0,"24":0,"25":0,"26":1,"27":1,"28":0,"29":0,"30":0,"31":0,"32":0,"33":0,"34":0,"35":0,"36":0,"37":0,"38":0,"39":0,"40":0,"41":0,"42":0,"43":0,"44":0,"45":0,"46":0,"47":0,"48":0,"49":0,"50":0,"51":1,"52":0,"53":0,"54":0,"55":0,"56":0,"57":1,"58":0,"59":0,"60":0,"61":0,"62":1,"63":0,"64":0,"65":0,"66":0,"67":0,"68":1,"69":0,"70":0,"71":0,"72":0,"73":0,"74":0,"75":0,"76":0,"77":0,"78":0,"79":0,"80":0,"81":0,"82":0,"83":0,"84":0,"85":0,"86":0,"87":0,"88":0,"89":0,"90":0,"91":0,"92":1,"93":0,"94":0,"95":0,"96":0,"97":0,"98":0,"99":0,"100":0,"101":0,"102":0,"103":0,"104":0,"105":0,"106":0,"107":0,"108":0,"109":0,"110":0,"111":0,"112":0,"113":1,"114":0,"115":0,"116":0,"117":0,"118":0,"119":0,"120":0,"121":0,"122":0,"123":0,"124":0,"125":0,"126":0,"127":0,"128":0,"129":1,"130":0,"131":1,"132":0,"133":0,"134":1,"135":0,"136":0,"137":0,"138":0,"139":0,"140":0,"141":0,"142":0,"143":0,"144":0,"145":0,"146":0,"147":0,"148":0,"149":0,"150":0,"151":0,"152":0,"153":0,"154":0,"155":0,"156":1,"157":0,"158":0,"159":0,"160":0,"161":0,"162":0,"163":0,"164":0,"165":0,"166":0,"167":0,"168":1,"169":0,"170":0,"171":0,"172":0,"173":1,"174":0,"175":0,"176":0,"177":0,"178":0,"179":0,"180":1,"181":0,"182":1,"183":0,"184":0,"185":0,"186":0,"187":1,"188":0,"189":0,"190":0,"191":0,"192":0,"193":1,"194":0,"195":0,"196":0,"197":0,"198":0,"199":0,"200":0,"201":0,"202":0,"203":0,"204":0,"205":0,"206":1,"207":0,"208":0,"209":1,"210":1,"211":0},"b":{"1":[0,0],"2":[0,0],"3":[0,0,0,0,0,0,0,0],"4":[0,0],"5":[0,0],"6":[0,0],"7":[0,0,0,0,0,0],"8":[0,0],"9":[0,0,0],"10":[0,0],"11":[0,0],"12":[0,0],"13":[0,0],"14":[0,0],"15":[0,0],"16":[0,0],"17":[0,0],"18":[0,0],"19":[0,0],"20":[0,0,0],"21":[0,0],"22":[0,0],"23":[0,0],"24":[0,0],"25":[0,0],"26":[0,0],"27":[0,0],"28":[0,0],"29":[0,0],"30":[0,0],"31":[0,0,0],"32":[0,0],"33":[0,0],"34":[0,0],"35":[0,0],"36":[0,0],"37":[0,0],"38":[0,0],"39":[0,0],"40":[0,0],"41":[0,0],"42":[0,0],"43":[0,0],"44":[0,0,0,0],"45":[0,0],"46":[0,0],"47":[0,0],"48":[0,0],"49":[0,0],"50":[0,0],"51":[0,0],"52":[0,0],"53":[0,0],"54":[0,0],"55":[0,0],"56":[0,0],"57":[0,0,0,0],"58":[0,0],"59":[0,0,0,0,0,0,0,0],"60":[0,0],"61":[0,1],"62":[1,0]},"f":{"1":1,"2":0,"3":0,"4":0,"5":0,"6":0,"7":0,"8":0,"9":0,"10":0,"11":0,"12":0,"13":0,"14":0,"15":0,"16":0,"17":0,"18":0,"19":0,"20":0,"21":0,"22":0,"23":0},"fnMap":{"1":{"name":"(anonymous_1)","line":9,"loc":{"start":{"line":9,"column":1},"end":{"line":9,"column":12}}},"2":{"name":"(anonymous_2)","line":224,"loc":{"start":{"line":224,"column":19},"end":{"line":224,"column":34}}},"3":{"name":"(anonymous_3)","line":243,"loc":{"start":{"line":243,"column":18},"end":{"line":243,"column":50}}},"4":{"name":"(anonymous_4)","line":258,"loc":{"start":{"line":258,"column":17},"end":{"line":258,"column":37}}},"5":{"name":"(anonymous_5)","line":266,"loc":{"start":{"line":266,"column":18},"end":{"line":266,"column":72}}},"6":{"name":"(anonymous_6)","line":310,"loc":{"start":{"line":310,"column":16},"end":{"line":310,"column":44}}},"7":{"name":"(anonymous_7)","line":324,"loc":{"start":{"line":324,"column":25},"end":{"line":324,"column":47}}},"8":{"name":"(anonymous_8)","line":337,"loc":{"start":{"line":337,"column":26},"end":{"line":337,"column":57}}},"9":{"name":"(anonymous_9)","line":353,"loc":{"start":{"line":353,"column":26},"end":{"line":353,"column":47}}},"10":{"name":"(anonymous_10)","line":399,"loc":{"start":{"line":399,"column":27},"end":{"line":399,"column":52}}},"11":{"name":"(anonymous_11)","line":435,"loc":{"start":{"line":435,"column":29},"end":{"line":435,"column":57}}},"12":{"name":"(anonymous_12)","line":462,"loc":{"start":{"line":462,"column":30},"end":{"line":462,"column":45}}},"13":{"name":"(anonymous_13)","line":467,"loc":{"start":{"line":467,"column":33},"end":{"line":467,"column":48}}},"14":{"name":"(anonymous_14)","line":476,"loc":{"start":{"line":476,"column":30},"end":{"line":476,"column":63}}},"15":{"name":"(anonymous_15)","line":523,"loc":{"start":{"line":523,"column":30},"end":{"line":523,"column":54}}},"16":{"name":"(anonymous_16)","line":556,"loc":{"start":{"line":556,"column":37},"end":{"line":556,"column":52}}},"17":{"name":"(anonymous_17)","line":564,"loc":{"start":{"line":564,"column":26},"end":{"line":564,"column":41}}},"18":{"name":"(anonymous_18)","line":575,"loc":{"start":{"line":575,"column":28},"end":{"line":575,"column":43}}},"19":{"name":"(anonymous_19)","line":580,"loc":{"start":{"line":580,"column":27},"end":{"line":580,"column":62}}},"20":{"name":"(anonymous_20)","line":587,"loc":{"start":{"line":587,"column":25},"end":{"line":587,"column":41}}},"21":{"name":"(anonymous_21)","line":598,"loc":{"start":{"line":598,"column":24},"end":{"line":598,"column":46}}},"22":{"name":"(anonymous_22)","line":599,"loc":{"start":{"line":599,"column":37},"end":{"line":599,"column":52}}},"23":{"name":"(anonymous_23)","line":628,"loc":{"start":{"line":628,"column":10},"end":{"line":628,"column":21}}}},"statementMap":{"1":{"start":{"line":9,"column":0},"end":{"line":636,"column":5}},"2":{"start":{"line":16,"column":1},"end":{"line":217,"column":3}},"3":{"start":{"line":218,"column":1},"end":{"line":218,"column":20}},"4":{"start":{"line":219,"column":1},"end":{"line":219,"column":24}},"5":{"start":{"line":224,"column":1},"end":{"line":240,"column":3}},"6":{"start":{"line":225,"column":2},"end":{"line":225,"column":53}},"7":{"start":{"line":226,"column":2},"end":{"line":226,"column":18}},"8":{"start":{"line":227,"column":2},"end":{"line":239,"column":3}},"9":{"start":{"line":229,"column":3},"end":{"line":237,"column":4}},"10":{"start":{"line":230,"column":4},"end":{"line":230,"column":34}},"11":{"start":{"line":231,"column":4},"end":{"line":231,"column":37}},"12":{"start":{"line":231,"column":26},"end":{"line":231,"column":37}},"13":{"start":{"line":233,"column":4},"end":{"line":236,"column":7}},"14":{"start":{"line":238,"column":3},"end":{"line":238,"column":17}},"15":{"start":{"line":243,"column":1},"end":{"line":255,"column":2}},"16":{"start":{"line":244,"column":2},"end":{"line":244,"column":46}},"17":{"start":{"line":245,"column":2},"end":{"line":254,"column":3}},"18":{"start":{"line":246,"column":13},"end":{"line":246,"column":71}},"19":{"start":{"line":247,"column":13},"end":{"line":247,"column":117}},"20":{"start":{"line":248,"column":13},"end":{"line":248,"column":58}},"21":{"start":{"line":249,"column":13},"end":{"line":249,"column":63}},"22":{"start":{"line":250,"column":13},"end":{"line":250,"column":54}},"23":{"start":{"line":251,"column":13},"end":{"line":251,"column":49}},"24":{"start":{"line":252,"column":13},"end":{"line":252,"column":44}},"25":{"start":{"line":253,"column":14},"end":{"line":253,"column":36}},"26":{"start":{"line":258,"column":1},"end":{"line":260,"column":3}},"27":{"start":{"line":266,"column":1},"end":{"line":307,"column":3}},"28":{"start":{"line":268,"column":2},"end":{"line":268,"column":31}},"29":{"start":{"line":269,"column":2},"end":{"line":269,"column":29}},"30":{"start":{"line":269,"column":16},"end":{"line":269,"column":29}},"31":{"start":{"line":271,"column":2},"end":{"line":273,"column":28}},"32":{"start":{"line":274,"column":2},"end":{"line":274,"column":23}},"33":{"start":{"line":275,"column":2},"end":{"line":275,"column":35}},"34":{"start":{"line":278,"column":2},"end":{"line":292,"column":3}},"35":{"start":{"line":279,"column":3},"end":{"line":279,"column":18}},"36":{"start":{"line":281,"column":3},"end":{"line":281,"column":53}},"37":{"start":{"line":282,"column":3},"end":{"line":282,"column":51}},"38":{"start":{"line":284,"column":3},"end":{"line":284,"column":70}},"39":{"start":{"line":285,"column":3},"end":{"line":286,"column":66}},"40":{"start":{"line":287,"column":3},"end":{"line":290,"column":4}},"41":{"start":{"line":288,"column":4},"end":{"line":288,"column":16}},"42":{"start":{"line":289,"column":4},"end":{"line":289,"column":11}},"43":{"start":{"line":291,"column":3},"end":{"line":291,"column":19}},"44":{"start":{"line":291,"column":13},"end":{"line":291,"column":19}},"45":{"start":{"line":295,"column":2},"end":{"line":295,"column":25}},"46":{"start":{"line":295,"column":12},"end":{"line":295,"column":25}},"47":{"start":{"line":297,"column":2},"end":{"line":297,"column":51}},"48":{"start":{"line":297,"column":35},"end":{"line":297,"column":51}},"49":{"start":{"line":298,"column":2},"end":{"line":298,"column":52}},"50":{"start":{"line":299,"column":2},"end":{"line":306,"column":4}},"51":{"start":{"line":310,"column":1},"end":{"line":319,"column":3}},"52":{"start":{"line":311,"column":2},"end":{"line":318,"column":3}},"53":{"start":{"line":312,"column":3},"end":{"line":312,"column":47}},"54":{"start":{"line":315,"column":3},"end":{"line":315,"column":49}},"55":{"start":{"line":316,"column":3},"end":{"line":316,"column":41}},"56":{"start":{"line":317,"column":3},"end":{"line":317,"column":44}},"57":{"start":{"line":324,"column":1},"end":{"line":332,"column":3}},"58":{"start":{"line":326,"column":2},"end":{"line":326,"column":31}},"59":{"start":{"line":328,"column":2},"end":{"line":330,"column":3}},"60":{"start":{"line":329,"column":3},"end":{"line":329,"column":36}},"61":{"start":{"line":331,"column":2},"end":{"line":331,"column":15}},"62":{"start":{"line":337,"column":1},"end":{"line":348,"column":3}},"63":{"start":{"line":339,"column":2},"end":{"line":341,"column":3}},"64":{"start":{"line":340,"column":3},"end":{"line":340,"column":50}},"65":{"start":{"line":344,"column":2},"end":{"line":344,"column":50}},"66":{"start":{"line":345,"column":2},"end":{"line":345,"column":50}},"67":{"start":{"line":347,"column":2},"end":{"line":347,"column":42}},"68":{"start":{"line":353,"column":1},"end":{"line":393,"column":3}},"69":{"start":{"line":355,"column":2},"end":{"line":355,"column":71}},"70":{"start":{"line":355,"column":29},"end":{"line":355,"column":71}},"71":{"start":{"line":356,"column":2},"end":{"line":356,"column":29}},"72":{"start":{"line":356,"column":16},"end":{"line":356,"column":29}},"73":{"start":{"line":358,"column":2},"end":{"line":358,"column":31}},"74":{"start":{"line":359,"column":2},"end":{"line":359,"column":26}},"75":{"start":{"line":360,"column":2},"end":{"line":361,"column":67}},"76":{"start":{"line":361,"column":59},"end":{"line":361,"column":67}},"77":{"start":{"line":363,"column":2},"end":{"line":363,"column":17}},"78":{"start":{"line":364,"column":2},"end":{"line":375,"column":16}},"79":{"start":{"line":366,"column":3},"end":{"line":366,"column":44}},"80":{"start":{"line":367,"column":3},"end":{"line":367,"column":29}},"81":{"start":{"line":368,"column":3},"end":{"line":374,"column":4}},"82":{"start":{"line":369,"column":4},"end":{"line":369,"column":16}},"83":{"start":{"line":370,"column":4},"end":{"line":370,"column":67}},"84":{"start":{"line":372,"column":4},"end":{"line":372,"column":11}},"85":{"start":{"line":373,"column":4},"end":{"line":373,"column":14}},"86":{"start":{"line":378,"column":2},"end":{"line":378,"column":54}},"87":{"start":{"line":379,"column":2},"end":{"line":379,"column":19}},"88":{"start":{"line":381,"column":2},"end":{"line":385,"column":3}},"89":{"start":{"line":382,"column":3},"end":{"line":382,"column":11}},"90":{"start":{"line":384,"column":3},"end":{"line":384,"column":29}},"91":{"start":{"line":387,"column":2},"end":{"line":392,"column":4}},"92":{"start":{"line":399,"column":1},"end":{"line":429,"column":3}},"93":{"start":{"line":401,"column":2},"end":{"line":401,"column":16}},"94":{"start":{"line":404,"column":2},"end":{"line":404,"column":74}},"95":{"start":{"line":404,"column":30},"end":{"line":404,"column":74}},"96":{"start":{"line":405,"column":2},"end":{"line":405,"column":74}},"97":{"start":{"line":405,"column":30},"end":{"line":405,"column":74}},"98":{"start":{"line":408,"column":2},"end":{"line":427,"column":3}},"99":{"start":{"line":409,"column":3},"end":{"line":409,"column":39}},"100":{"start":{"line":411,"column":3},"end":{"line":411,"column":85}},"101":{"start":{"line":411,"column":77},"end":{"line":411,"column":85}},"102":{"start":{"line":414,"column":3},"end":{"line":414,"column":14}},"103":{"start":{"line":415,"column":3},"end":{"line":416,"column":73}},"104":{"start":{"line":416,"column":62},"end":{"line":416,"column":73}},"105":{"start":{"line":417,"column":3},"end":{"line":417,"column":26}},"106":{"start":{"line":420,"column":3},"end":{"line":420,"column":30}},"107":{"start":{"line":421,"column":3},"end":{"line":423,"column":4}},"108":{"start":{"line":422,"column":4},"end":{"line":422,"column":48}},"109":{"start":{"line":425,"column":3},"end":{"line":425,"column":25}},"110":{"start":{"line":426,"column":3},"end":{"line":426,"column":70}},"111":{"start":{"line":426,"column":62},"end":{"line":426,"column":70}},"112":{"start":{"line":428,"column":2},"end":{"line":428,"column":15}},"113":{"start":{"line":435,"column":1},"end":{"line":459,"column":3}},"114":{"start":{"line":436,"column":2},"end":{"line":440,"column":3}},"115":{"start":{"line":437,"column":3},"end":{"line":437,"column":22}},"116":{"start":{"line":438,"column":3},"end":{"line":438,"column":20}},"117":{"start":{"line":439,"column":3},"end":{"line":439,"column":20}},"118":{"start":{"line":442,"column":2},"end":{"line":442,"column":63}},"119":{"start":{"line":443,"column":2},"end":{"line":443,"column":54}},"120":{"start":{"line":444,"column":2},"end":{"line":454,"column":3}},"121":{"start":{"line":446,"column":3},"end":{"line":446,"column":15}},"122":{"start":{"line":447,"column":9},"end":{"line":454,"column":3}},"123":{"start":{"line":449,"column":3},"end":{"line":449,"column":10}},"124":{"start":{"line":450,"column":3},"end":{"line":450,"column":13}},"125":{"start":{"line":452,"column":3},"end":{"line":452,"column":16}},"126":{"start":{"line":453,"column":3},"end":{"line":453,"column":11}},"127":{"start":{"line":456,"column":2},"end":{"line":456,"column":63}},"128":{"start":{"line":457,"column":2},"end":{"line":457,"column":38}},"129":{"start":{"line":462,"column":1},"end":{"line":464,"column":3}},"130":{"start":{"line":463,"column":2},"end":{"line":463,"column":44}},"131":{"start":{"line":467,"column":1},"end":{"line":470,"column":3}},"132":{"start":{"line":468,"column":2},"end":{"line":468,"column":37}},"133":{"start":{"line":469,"column":2},"end":{"line":469,"column":28}},"134":{"start":{"line":476,"column":1},"end":{"line":515,"column":3}},"135":{"start":{"line":477,"column":2},"end":{"line":477,"column":26}},"136":{"start":{"line":480,"column":2},"end":{"line":485,"column":3}},"137":{"start":{"line":481,"column":3},"end":{"line":481,"column":20}},"138":{"start":{"line":482,"column":3},"end":{"line":482,"column":22}},"139":{"start":{"line":483,"column":3},"end":{"line":483,"column":18}},"140":{"start":{"line":484,"column":3},"end":{"line":484,"column":20}},"141":{"start":{"line":488,"column":2},"end":{"line":488,"column":30}},"142":{"start":{"line":490,"column":2},"end":{"line":492,"column":3}},"143":{"start":{"line":491,"column":3},"end":{"line":491,"column":55}},"144":{"start":{"line":495,"column":2},"end":{"line":495,"column":37}},"145":{"start":{"line":497,"column":2},"end":{"line":500,"column":3}},"146":{"start":{"line":499,"column":3},"end":{"line":499,"column":14}},"147":{"start":{"line":503,"column":2},"end":{"line":503,"column":39}},"148":{"start":{"line":504,"column":2},"end":{"line":504,"column":48}},"149":{"start":{"line":505,"column":2},"end":{"line":505,"column":48}},"150":{"start":{"line":507,"column":2},"end":{"line":510,"column":3}},"151":{"start":{"line":508,"column":3},"end":{"line":508,"column":13}},"152":{"start":{"line":509,"column":3},"end":{"line":509,"column":18}},"153":{"start":{"line":512,"column":2},"end":{"line":512,"column":52}},"154":{"start":{"line":513,"column":2},"end":{"line":513,"column":65}},"155":{"start":{"line":514,"column":2},"end":{"line":514,"column":24}},"156":{"start":{"line":523,"column":1},"end":{"line":553,"column":3}},"157":{"start":{"line":524,"column":2},"end":{"line":524,"column":45}},"158":{"start":{"line":526,"column":2},"end":{"line":528,"column":3}},"159":{"start":{"line":527,"column":3},"end":{"line":527,"column":55}},"160":{"start":{"line":531,"column":2},"end":{"line":531,"column":53}},"161":{"start":{"line":533,"column":2},"end":{"line":533,"column":61}},"162":{"start":{"line":536,"column":2},"end":{"line":536,"column":26}},"163":{"start":{"line":536,"column":13},"end":{"line":536,"column":26}},"164":{"start":{"line":539,"column":2},"end":{"line":539,"column":63}},"165":{"start":{"line":540,"column":2},"end":{"line":540,"column":49}},"166":{"start":{"line":543,"column":2},"end":{"line":549,"column":4}},"167":{"start":{"line":552,"column":2},"end":{"line":552,"column":76}},"168":{"start":{"line":556,"column":1},"end":{"line":561,"column":3}},"169":{"start":{"line":557,"column":2},"end":{"line":557,"column":35}},"170":{"start":{"line":558,"column":2},"end":{"line":558,"column":37}},"171":{"start":{"line":559,"column":2},"end":{"line":559,"column":29}},"172":{"start":{"line":560,"column":2},"end":{"line":560,"column":49}},"173":{"start":{"line":564,"column":1},"end":{"line":572,"column":3}},"174":{"start":{"line":565,"column":2},"end":{"line":565,"column":47}},"175":{"start":{"line":566,"column":2},"end":{"line":566,"column":30}},"176":{"start":{"line":567,"column":2},"end":{"line":567,"column":18}},"177":{"start":{"line":568,"column":2},"end":{"line":570,"column":3}},"178":{"start":{"line":569,"column":3},"end":{"line":569,"column":46}},"179":{"start":{"line":571,"column":2},"end":{"line":571,"column":22}},"180":{"start":{"line":575,"column":1},"end":{"line":577,"column":3}},"181":{"start":{"line":576,"column":2},"end":{"line":576,"column":51}},"182":{"start":{"line":580,"column":1},"end":{"line":584,"column":3}},"183":{"start":{"line":581,"column":2},"end":{"line":581,"column":57}},"184":{"start":{"line":582,"column":2},"end":{"line":582,"column":42}},"185":{"start":{"line":582,"column":21},"end":{"line":582,"column":41}},"186":{"start":{"line":583,"column":2},"end":{"line":583,"column":56}},"187":{"start":{"line":587,"column":1},"end":{"line":595,"column":3}},"188":{"start":{"line":588,"column":2},"end":{"line":594,"column":3}},"189":{"start":{"line":589,"column":12},"end":{"line":589,"column":24}},"190":{"start":{"line":590,"column":12},"end":{"line":590,"column":24}},"191":{"start":{"line":591,"column":12},"end":{"line":591,"column":24}},"192":{"start":{"line":592,"column":12},"end":{"line":593,"column":55}},"193":{"start":{"line":598,"column":1},"end":{"line":624,"column":3}},"194":{"start":{"line":599,"column":2},"end":{"line":623,"column":5}},"195":{"start":{"line":600,"column":3},"end":{"line":622,"column":4}},"196":{"start":{"line":602,"column":14},"end":{"line":602,"column":67}},"197":{"start":{"line":604,"column":14},"end":{"line":604,"column":58}},"198":{"start":{"line":606,"column":14},"end":{"line":606,"column":56}},"199":{"start":{"line":608,"column":14},"end":{"line":608,"column":32}},"200":{"start":{"line":610,"column":14},"end":{"line":610,"column":77}},"201":{"start":{"line":612,"column":14},"end":{"line":612,"column":76}},"202":{"start":{"line":614,"column":14},"end":{"line":614,"column":54}},"203":{"start":{"line":617,"column":5},"end":{"line":621,"column":6}},"204":{"start":{"line":618,"column":6},"end":{"line":618,"column":69}},"205":{"start":{"line":620,"column":6},"end":{"line":620,"column":46}},"206":{"start":{"line":627,"column":1},"end":{"line":635,"column":2}},"207":{"start":{"line":628,"column":2},"end":{"line":630,"column":5}},"208":{"start":{"line":629,"column":3},"end":{"line":629,"column":24}},"209":{"start":{"line":631,"column":7},"end":{"line":635,"column":2}},"210":{"start":{"line":632,"column":2},"end":{"line":632,"column":33}},"211":{"start":{"line":634,"column":2},"end":{"line":634,"column":38}}},"branchMap":{"1":{"line":229,"type":"if","locations":[{"start":{"line":229,"column":3},"end":{"line":229,"column":3}},{"start":{"line":229,"column":3},"end":{"line":229,"column":3}}]},"2":{"line":231,"type":"if","locations":[{"start":{"line":231,"column":4},"end":{"line":231,"column":4}},{"start":{"line":231,"column":4},"end":{"line":231,"column":4}}]},"3":{"line":245,"type":"switch","locations":[{"start":{"line":246,"column":3},"end":{"line":246,"column":71}},{"start":{"line":247,"column":3},"end":{"line":247,"column":117}},{"start":{"line":248,"column":3},"end":{"line":248,"column":58}},{"start":{"line":249,"column":3},"end":{"line":249,"column":63}},{"start":{"line":250,"column":3},"end":{"line":250,"column":54}},{"start":{"line":251,"column":3},"end":{"line":251,"column":49}},{"start":{"line":252,"column":3},"end":{"line":252,"column":44}},{"start":{"line":253,"column":3},"end":{"line":253,"column":36}}]},"4":{"line":269,"type":"if","locations":[{"start":{"line":269,"column":2},"end":{"line":269,"column":2}},{"start":{"line":269,"column":2},"end":{"line":269,"column":2}}]},"5":{"line":284,"type":"cond-expr","locations":[{"start":{"line":284,"column":45},"end":{"line":284,"column":58}},{"start":{"line":284,"column":61},"end":{"line":284,"column":69}}]},"6":{"line":284,"type":"binary-expr","locations":[{"start":{"line":284,"column":16},"end":{"line":284,"column":25}},{"start":{"line":284,"column":29},"end":{"line":284,"column":42}}]},"7":{"line":285,"type":"binary-expr","locations":[{"start":{"line":285,"column":10},"end":{"line":285,"column":28}},{"start":{"line":285,"column":33},"end":{"line":285,"column":52}},{"start":{"line":285,"column":56},"end":{"line":285,"column":70}},{"start":{"line":286,"column":6},"end":{"line":286,"column":26}},{"start":{"line":286,"column":30},"end":{"line":286,"column":50}},{"start":{"line":286,"column":55},"end":{"line":286,"column":64}}]},"8":{"line":287,"type":"if","locations":[{"start":{"line":287,"column":3},"end":{"line":287,"column":3}},{"start":{"line":287,"column":3},"end":{"line":287,"column":3}}]},"9":{"line":287,"type":"binary-expr","locations":[{"start":{"line":287,"column":8},"end":{"line":287,"column":24}},{"start":{"line":287,"column":28},"end":{"line":287,"column":46}},{"start":{"line":287,"column":50},"end":{"line":287,"column":56}}]},"10":{"line":291,"type":"if","locations":[{"start":{"line":291,"column":3},"end":{"line":291,"column":3}},{"start":{"line":291,"column":3},"end":{"line":291,"column":3}}]},"11":{"line":295,"type":"if","locations":[{"start":{"line":295,"column":2},"end":{"line":295,"column":2}},{"start":{"line":295,"column":2},"end":{"line":295,"column":2}}]},"12":{"line":297,"type":"if","locations":[{"start":{"line":297,"column":2},"end":{"line":297,"column":2}},{"start":{"line":297,"column":2},"end":{"line":297,"column":2}}]},"13":{"line":297,"type":"binary-expr","locations":[{"start":{"line":297,"column":6},"end":{"line":297,"column":15}},{"start":{"line":297,"column":19},"end":{"line":297,"column":33}}]},"14":{"line":298,"type":"cond-expr","locations":[{"start":{"line":298,"column":26},"end":{"line":298,"column":39}},{"start":{"line":298,"column":42},"end":{"line":298,"column":51}}]},"15":{"line":311,"type":"if","locations":[{"start":{"line":311,"column":2},"end":{"line":311,"column":2}},{"start":{"line":311,"column":2},"end":{"line":311,"column":2}}]},"16":{"line":339,"type":"if","locations":[{"start":{"line":339,"column":2},"end":{"line":339,"column":2}},{"start":{"line":339,"column":2},"end":{"line":339,"column":2}}]},"17":{"line":355,"type":"if","locations":[{"start":{"line":355,"column":2},"end":{"line":355,"column":2}},{"start":{"line":355,"column":2},"end":{"line":355,"column":2}}]},"18":{"line":356,"type":"if","locations":[{"start":{"line":356,"column":2},"end":{"line":356,"column":2}},{"start":{"line":356,"column":2},"end":{"line":356,"column":2}}]},"19":{"line":360,"type":"if","locations":[{"start":{"line":360,"column":2},"end":{"line":360,"column":2}},{"start":{"line":360,"column":2},"end":{"line":360,"column":2}}]},"20":{"line":360,"type":"binary-expr","locations":[{"start":{"line":360,"column":5},"end":{"line":360,"column":15}},{"start":{"line":361,"column":4},"end":{"line":361,"column":23}},{"start":{"line":361,"column":27},"end":{"line":361,"column":56}}]},"21":{"line":368,"type":"if","locations":[{"start":{"line":368,"column":3},"end":{"line":368,"column":3}},{"start":{"line":368,"column":3},"end":{"line":368,"column":3}}]},"22":{"line":370,"type":"cond-expr","locations":[{"start":{"line":370,"column":33},"end":{"line":370,"column":44}},{"start":{"line":370,"column":47},"end":{"line":370,"column":66}}]},"23":{"line":381,"type":"if","locations":[{"start":{"line":381,"column":2},"end":{"line":381,"column":2}},{"start":{"line":381,"column":2},"end":{"line":381,"column":2}}]},"24":{"line":381,"type":"binary-expr","locations":[{"start":{"line":381,"column":6},"end":{"line":381,"column":19}},{"start":{"line":381,"column":23},"end":{"line":381,"column":40}}]},"25":{"line":404,"type":"if","locations":[{"start":{"line":404,"column":2},"end":{"line":404,"column":2}},{"start":{"line":404,"column":2},"end":{"line":404,"column":2}}]},"26":{"line":405,"type":"if","locations":[{"start":{"line":405,"column":2},"end":{"line":405,"column":2}},{"start":{"line":405,"column":2},"end":{"line":405,"column":2}}]},"27":{"line":408,"type":"if","locations":[{"start":{"line":408,"column":2},"end":{"line":408,"column":2}},{"start":{"line":408,"column":2},"end":{"line":408,"column":2}}]},"28":{"line":411,"type":"if","locations":[{"start":{"line":411,"column":3},"end":{"line":411,"column":3}},{"start":{"line":411,"column":3},"end":{"line":411,"column":3}}]},"29":{"line":411,"type":"binary-expr","locations":[{"start":{"line":411,"column":7},"end":{"line":411,"column":39}},{"start":{"line":411,"column":43},"end":{"line":411,"column":75}}]},"30":{"line":415,"type":"if","locations":[{"start":{"line":415,"column":3},"end":{"line":415,"column":3}},{"start":{"line":415,"column":3},"end":{"line":415,"column":3}}]},"31":{"line":415,"type":"binary-expr","locations":[{"start":{"line":415,"column":6},"end":{"line":415,"column":37}},{"start":{"line":416,"column":5},"end":{"line":416,"column":37}},{"start":{"line":416,"column":41},"end":{"line":416,"column":59}}]},"32":{"line":426,"type":"if","locations":[{"start":{"line":426,"column":3},"end":{"line":426,"column":3}},{"start":{"line":426,"column":3},"end":{"line":426,"column":3}}]},"33":{"line":426,"type":"binary-expr","locations":[{"start":{"line":426,"column":7},"end":{"line":426,"column":25}},{"start":{"line":426,"column":29},"end":{"line":426,"column":60}}]},"34":{"line":436,"type":"if","locations":[{"start":{"line":436,"column":2},"end":{"line":436,"column":2}},{"start":{"line":436,"column":2},"end":{"line":436,"column":2}}]},"35":{"line":444,"type":"if","locations":[{"start":{"line":444,"column":2},"end":{"line":444,"column":2}},{"start":{"line":444,"column":2},"end":{"line":444,"column":2}}]},"36":{"line":444,"type":"binary-expr","locations":[{"start":{"line":444,"column":6},"end":{"line":444,"column":24}},{"start":{"line":444,"column":28},"end":{"line":444,"column":33}}]},"37":{"line":447,"type":"if","locations":[{"start":{"line":447,"column":9},"end":{"line":447,"column":9}},{"start":{"line":447,"column":9},"end":{"line":447,"column":9}}]},"38":{"line":469,"type":"cond-expr","locations":[{"start":{"line":469,"column":16},"end":{"line":469,"column":23}},{"start":{"line":469,"column":26},"end":{"line":469,"column":27}}]},"39":{"line":480,"type":"if","locations":[{"start":{"line":480,"column":2},"end":{"line":480,"column":2}},{"start":{"line":480,"column":2},"end":{"line":480,"column":2}}]},"40":{"line":480,"type":"binary-expr","locations":[{"start":{"line":480,"column":6},"end":{"line":480,"column":31}},{"start":{"line":480,"column":35},"end":{"line":480,"column":56}}]},"41":{"line":490,"type":"if","locations":[{"start":{"line":490,"column":2},"end":{"line":490,"column":2}},{"start":{"line":490,"column":2},"end":{"line":490,"column":2}}]},"42":{"line":490,"type":"binary-expr","locations":[{"start":{"line":490,"column":6},"end":{"line":490,"column":16}},{"start":{"line":490,"column":20},"end":{"line":490,"column":43}}]},"43":{"line":497,"type":"if","locations":[{"start":{"line":497,"column":2},"end":{"line":497,"column":2}},{"start":{"line":497,"column":2},"end":{"line":497,"column":2}}]},"44":{"line":497,"type":"binary-expr","locations":[{"start":{"line":497,"column":7},"end":{"line":497,"column":11}},{"start":{"line":497,"column":15},"end":{"line":497,"column":33}},{"start":{"line":498,"column":4},"end":{"line":498,"column":17}},{"start":{"line":498,"column":21},"end":{"line":498,"column":38}}]},"45":{"line":507,"type":"if","locations":[{"start":{"line":507,"column":2},"end":{"line":507,"column":2}},{"start":{"line":507,"column":2},"end":{"line":507,"column":2}}]},"46":{"line":526,"type":"if","locations":[{"start":{"line":526,"column":2},"end":{"line":526,"column":2}},{"start":{"line":526,"column":2},"end":{"line":526,"column":2}}]},"47":{"line":526,"type":"binary-expr","locations":[{"start":{"line":526,"column":5},"end":{"line":526,"column":16}},{"start":{"line":526,"column":20},"end":{"line":526,"column":44}}]},"48":{"line":533,"type":"binary-expr","locations":[{"start":{"line":533,"column":9},"end":{"line":533,"column":13}},{"start":{"line":533,"column":17},"end":{"line":533,"column":60}}]},"49":{"line":536,"type":"if","locations":[{"start":{"line":536,"column":2},"end":{"line":536,"column":2}},{"start":{"line":536,"column":2},"end":{"line":536,"column":2}}]},"50":{"line":544,"type":"binary-expr","locations":[{"start":{"line":544,"column":
[...]
04\", \"0602\", \"0702\", \"0731\", \"0830\", \"0929\", \"1028\", \"1126\", \"1226\"], \t//2057","\t\t[4, \"0124\", \"0223\", \"0324\", \"0423\", \"0522\", \"0621\", \"0720\", \"0819\", \"0918\", \"1017\", \"1116\", \"1216\", \"1314\"], \t//2058","\t\t[0, \"0212\", \"0314\", \"0412\", \"0512\", \"0610\", \"0710\", \"0808\", \"0907\", \"1006\", \"1105\", \"1205\", \"1304\"], \t//2059","\t\t[0, \"0202\", \"0303\", \"0401\", \"0501\", \"0530\", \"0628\", \"0727\", \"0826\", \"0924\", \"1024\", \"1123\", \"1223\"], \t//2060","\t\t[3, \"0121\", \"0220\", \"0322\", \"0420\", \"0519\", \"0618\", \"0717\", \"0815\", \"0914\", \"1013\", \"1112\", \"1212\", \"1311\"], \t//2061","\t\t[0, \"0209\", \"0311\", \"0410\", \"0509\", \"0607\", \"0707\", \"0805\", \"0903\", \"1003\", \"1101\", \"1201\", \"1231\"], \t//2062","\t\t[7, \"0129\", \"0228\", \"0330\", \"0428\", \"0528\", \"0626\", \"0726\", \"0824\", \"0922\", \"1022\", \"1120\", \"1220\", \"1318\"], \t//2063","\t\t[0, \"0217\", \"0318\", \"0417\", \"0516\", \"0615\", \"0714\", \"0813\", \"0911\", \"1010\", \"1109\", \"1208\", \"1307\"], \t//2064","\t\t[0, \"0205\", \"0307\", \"0406\", \"0505\", \"0604\", \"0704\", \"0802\", \"0901\", \"0930\", \"1029\", \"1128\", \"1227\"], \t//2065","\t\t[5, \"0126\", \"0224\", \"0326\", \"0424\", \"0524\", \"0623\", \"0722\", \"0821\", \"0919\", \"1019\", \"1117\", \"1217\", \"1315\"], \t//2066","\t\t[0, \"0214\", \"0315\", \"0414\", \"0513\", \"0612\", \"0711\", \"0810\", \"0909\", \"1008\", \"1107\", \"1206\", \"1305\"], \t//2067","\t\t[0, \"0203\", \"0304\", \"0402\", \"0502\", \"0531\", \"0629\", \"0729\", \"0828\", \"0926\", \"1026\", \"1125\", \"1224\"], \t//2068","\t\t[4, \"0123\", \"0221\", \"0323\", \"0421\", \"0521\", \"0619\", \"0718\", \"0817\", \"0915\", \"1015\", \"1114\", \"1214\", \"1312\"], \t//2069","\t\t[0, \"0211\", \"0312\", \"0411\", \"0510\", \"0609\", \"0708\", \"0806\", \"0905\", \"1004\", \"1103\", \"1203\", \"1301\"], \t//2070","\t\t[8, \"0131\", \"0302\", \"0331\", \"0430\", \"0529\", \"0628\", \"0727\", \"0825\", \"0924\", \"1023\", \"1122\", \"1221\", \"1320\"], \t//2071","\t\t[0, \"0219\", \"0320\", \"0418\", \"0518\", \"0616\", \"0716\", \"0814\", \"0912\", \"1012\", \"1110\", \"1210\", \"1308\"], \t//2072","\t\t[0, \"0207\", \"0309\", \"0407\", \"0507\", \"0605\", \"0704\", \"0803\", \"0901\", \"0930\", \"1030\", \"1128\", \"1228\"], \t//2073","\t\t[6, \"0126\", \"0225\", \"0326\", \"0425\", \"0525\", \"0623\", \"0723\", \"0821\", \"0920\", \"1019\", \"1118\", \"1217\", \"1316\"], \t//2074","\t\t[0, \"0214\", \"0316\", \"0414\", \"0514\", \"0612\", \"0712\", \"0811\", \"0909\", \"1009\", \"1107\", \"1207\", \"1305\"], \t//2075","\t\t[0, \"0204\", \"0304\", \"0403\", \"0502\", \"0601\", \"0630\", \"0730\", \"0828\", \"0927\", \"1027\", \"1125\", \"1225\"], \t//2076","\t\t[0, \"0123\", \"0222\", \"0323\", \"0422\", \"0521\", \"0620\", \"0719\", \"0818\", \"0917\", \"1017\", \"1115\", \"1215\"], \t//2077","\t\t[0, \"0113\", \"0212\", \"0313\", \"0412\", \"0511\", \"0609\", \"0709\", \"0807\", \"0906\", \"1006\", \"1104\", \"1204\"], \t//2078","\t\t[0, \"0103\", \"0201\", \"0303\", \"0401\", \"0501\", \"0530\", \"0628\", \"0728\", \"0826\", \"0925\", \"1024\", \"1123\"], \t//2079","\t\t[3, \"1223\", \"0122\", \"0220\", \"0321\", \"0419\", \"0519\", \"0617\", \"0716\", \"0815\", \"0913\", \"1012\", \"1111\", \"1211\"], \t//2080","\t\t[0, \"0110\", \"0208\", \"0310\", \"0409\", \"0508\", \"0607\", \"0706\", \"0804\", \"0903\", \"1002\", \"1031\", \"1130\"], \t//2081","\t\t[7, \"1230\", \"0128\", \"0227\", \"0329\", \"0428\", \"0527\", \"0625\", \"0725\", \"0823\", \"0922\", \"1021\", \"1119\", \"1219\"], \t//2082","\t\t[0, \"0118\", \"0216\", \"0318\", \"0417\", \"0516\", \"0615\", \"0714\", \"0813\", \"0911\", \"1011\", \"1109\", \"1209\"], \t//2083","\t\t[0, \"0107\", \"0206\", \"0306\", \"0405\", \"0504\", \"0603\", \"0703\", \"0801\", \"0831\", \"0929\", \"1029\", \"1127\"], \t//2084","\t\t[5, \"1227\", \"0125\", \"0224\", \"0325\", \"0423\", \"0523\", \"0622\", \"0721\", \"0820\", \"0919\", \"1018\", \"1117\", \"1216\"], \t//2085","\t\t[0, \"0115\", \"0213\", \"0315\", \"0413\", \"0512\", \"0611\", \"0710\", \"0809\", \"0908\", \"1007\", \"1106\", \"1206\"], \t//2086","\t\t[0, \"0104\", \"0203\", \"0304\", \"0403\", \"0502\", \"0531\", \"0630\", \"0729\", \"0828\", \"0926\", \"1026\", \"1125\"], \t//2087","\t\t[4, \"1225\", \"0123\", \"0222\", \"0322\", \"0421\", \"0520\", \"0618\", \"0718\", \"0816\", \"0914\", \"1014\", \"1113\", \"1213\"], \t//2088","\t\t[0, \"0111\", \"0210\", \"0312\", \"0410\", \"0510\", \"0608\", \"0707\", \"0806\", \"0904\", \"1003\", \"1102\", \"1202\"], \t//2089","\t\t[8, \"1231\", \"0130\", \"0301\", \"0331\", \"0429\", \"0529\", \"0627\", \"0726\", \"0825\", \"0923\", \"1022\", \"1121\", \"1221\"], \t//2090","\t\t[0, \"0119\", \"0218\", \"0320\", \"0418\", \"0518\", \"0616\", \"0716\", \"0814\", \"0913\", \"1012\", \"1110\", \"1210\"], \t//2091","\t\t[0, \"0108\", \"0207\", \"0308\", \"0406\", \"0506\", \"0605\", \"0704\", \"0803\", \"0901\", \"1001\", \"1030\", \"1129\"], \t//2092","\t\t[6, \"1228\", \"0126\", \"0225\", \"0327\", \"0425\", \"0525\", \"0623\", \"0723\", \"0822\", \"0920\", \"1020\", \"1118\", \"1218\"], \t//2093","\t\t[0, \"0116\", \"0214\", \"0316\", \"0414\", \"0514\", \"0612\", \"0712\", \"0811\", \"0909\", \"1009\", \"1108\", \"1207\"], \t//2094","\t\t[0, \"0106\", \"0204\", \"0306\", \"0404\", \"0503\", \"0602\", \"0701\", \"0731\", \"0829\", \"0928\", \"1028\", \"1127\"], \t//2095","\t\t[4, \"1226\", \"0125\", \"0223\", \"0324\", \"0422\", \"0521\", \"0620\", \"0719\", \"0817\", \"0916\", \"1016\", \"1115\", \"1214\"], \t//2096","\t\t[0, \"0113\", \"0212\", \"0313\", \"0412\", \"0511\", \"0609\", \"0709\", \"0807\", \"0905\", \"1005\", \"1104\", \"1203\"], \t//2097","\t\t[0, \"0102\", \"0201\", \"0303\", \"0401\", \"0501\", \"0530\", \"0628\", \"0727\", \"0826\", \"0924\", \"1024\", \"1122\"], \t//2098","\t\t[2, \"1222\", \"0121\", \"0220\", \"0321\", \"0420\", \"0520\", \"0618\", \"0717\", \"0816\", \"0914\", \"1013\", \"1112\", \"1211\"] \t//2099","\t];","\tvar MINYEAR = 1900;","\tvar _chineseLunar = {};","","\t/*","\t * 分析日期表达式，并提取其中的单位和数值","\t */","\tvar _expression = function(expr) {","\t\tvar list = expr.match(/[+-]?\\d+((ms)|[yMdhmsw])/g);","\t\tvar result = [];","\t\tfor(var i = 0; i < list.length; i++){","\t\t\t//提取单位和数值","\t\t\tif (/([+-])(\\d+)(.+)/.test(list[i])) {","\t\t\t\tvar val = parseInt(RegExp.$2);","\t\t\t\tif(RegExp.$1 === \"-\") val = -val;","","\t\t\t\tresult.push({","\t\t\t\t\tvalue: val,","\t\t\t\t\tunit: RegExp.$3","\t\t\t\t});","\t\t\t};","\t\t\treturn result;","\t\t};","\t};","","\t//计算公历两个日期之差","\tvar _solarDiff = function(left, right, interval) {","\t\tvar span = left.getTime() - right.getTime(); //相差毫秒","\t\tswitch (interval) {","\t\t\tcase \"y\": return parseInt(left.getFullYear() - right.getFullYear());","\t\t\tcase \"M\": return parseInt((left.getFullYear() - right.getFullYear()) * 12 + (left.getMonth() - right.getMonth()));","\t\t\tcase \"d\": return Math.ceil(span / 1000 / 60 / 60 / 24);","\t\t\tcase \"w\": return Math.floor(span / 1000 / 60 / 60 / 24 / 7);","\t\t\tcase \"h\": return Math.floor(span / 1000 / 60 / 60);","\t\t\tcase \"m\": return Math.floor(span / 1000 / 60);","\t\t\tcase \"s\": return Math.floor(span / 1000);","\t\t\tcase \"ms\": return parseInt(span);","\t\t}","\t}","","\t//_solarAdd(date, '5d-6m');","\tvar _solarAdd = function(date, expr){","","\t};","","\t/*","\t 找到农历","\t isPerYear，是否为农历前一年的对应数据","\t */","\tvar _findLunar = function(solar, index, minMonth, maxMonth, isPreYear) {","\t\t//取得映射的数据","\t\tvar mapping = MAPPING[index];","\t\tif (!mapping) return false;","","\t\tvar year = solar.getFullYear()","\t\t\t, month = solar.getMonth() + 1","\t\t\t, date = solar.getDate();","\t\tvar lunarYear = year;","\t\tvar lunarMonth, find, solarMonth;","","\t\t//查找农历","\t\tfor (var i = mapping.length - 1; i > 0; i--) {","\t\t\tlunarMonth = i;","\t\t\t//取对应的农历月与天","\t\t\tvar segMonth = Number(mapping[i].substring(0, 2));","\t\t\tvar segDay = Number(mapping[i].substring(2, 4));","","\t\t\tsolarMonth = isPreYear && segMonth > 12 ? segMonth - 12 : segMonth;","\t\t\tfind = solarMonth < month || (solarMonth == month && segDay <= date) ||","\t\t\t\t((segMonth <= minMonth || segMonth >= maxMonth) && isPreYear);","\t\t\tif ((solarMonth == 12 && solarMonth > month && i == 1)) {","\t\t\t\tfind = true;","\t\t\t\tyear--;","\t\t\t};","\t\t\tif (find) break;","\t\t}","","\t\t//如果找到，则赋值","\t\tif(!find) return false;","\t\t//取前一年","\t\tif (isPreYear && segMonth == 12) year = year - 1;","\t\tlunarYear = isPreYear ? lunarYear - 1 : lunarYear;","\t\treturn {","\t\t\tyear: year,","\t\t\tmonth: solarMonth,","\t\t\tday: segDay,","\t\t\tlunarYear: lunarYear,","\t\t\tlunarMonth: lunarMonth,","\t\t\tleapMonth: mapping[0]\t\t\t//闰月","\t\t};","\t};","","\t//日期累加","\tvar _dateAdd = function(lunar, value, unit){","\t\tif(unit == 'M'){","\t\t\treturn _chineseLunar.monthAdd(lunar, value);","\t\t}else{","\t\t\t//转换为阳历，计算完再转为农历","\t\t\tvar solar = _chineseLunar.lunarToSolar(lunar);","\t\t\tsolar = _solarAdd(solar, value, unit);","\t\t\treturn _chineseLunar.solarToLunar(solar);","\t\t};","\t};","","\t/*","\t 农历相加","\t */","\t_chineseLunar.dateAdd = function(lunar, expr) {","\t\t//分析表达式","\t\tvar list = _expression(expr);","","\t\tfor(var i = 0; i < list.length; i ++){","\t\t\tlunar = _dateAdd(lunar, list[i]);","\t\t};","\t\treturn lunar;","\t};","","\t/*","\t 计算两个农历时间的差值，主要计算月份之间的差，其它和公历是一样的","\t */","\t_chineseLunar.dateDiff = function(lunar1, lunar2, expr) {","\t\t//计算农历月份差值","\t\tif(expr == \"M\"){","\t\t\treturn _chineseLunar.monthDiff(lunar1, lunar2);","\t\t};","","\t\t//先转成公历，除了月份，其它的都可以按公历计算","\t\tvar solar1 = _chineseLunar.lunarToSolar(lunar1);","\t\tvar solar2 = _chineseLunar.lunarToSolar(lunar2);","\t\t//再把农历转到公历","\t\treturn _solarDiff(solar2, solar1, expr);","\t};","","\t/*","\t 农历月份相加","\t */","\t_chineseLunar.monthAdd = function(lunar, inc) {","\t\t//如果是Date，则转换为农历","\t\tif (lunar instanceof Date) lunar = _chineseLunar.solarToLunar(lunar);","\t\tif (inc == 0) return lunar;","","\t\tvar year = lunar.year, count;","\t\tvar month = lunar.month;","\t\tif(lunar.leap ||","\t\t\t(lunar.leapMonth > 0 && lunar.month > lunar.leapMonth)) month++;","","\t\tvar run = true;","\t\tdo {","\t\t\t//计算当前年有多少个月","\t\t\tcount = _chineseLunar.monthsOfYear(year);","\t\t\tinc = inc + month - count;","\t\t\tif (inc <= 0) {","\t\t\t\trun = false;","\t\t\t\tmonth = year == lunar.year ? count + inc : count + inc - month;","\t\t\t}else {","\t\t\t\tyear++;","\t\t\t\tmonth = 1;","\t\t\t}","\t\t} while (run);","","\t\t//获取最后的结果年的闰月是哪一个月","\t\tvar leapMonth = _chineseLunar.leapMonthOfYear(year);","\t\tvar leap = false;","\t\t//如果闰月大于农历月，则月份减1","\t\tif (leapMonth > 0 && month > leapMonth) {","\t\t\tmonth--;","\t\t\t//如果减完后月份和闰月相等，表示是闰月","\t\t\tleap = month == leapMonth;","\t\t}","","\t\treturn {","\t\t\tyear: year,","\t\t\tmonth: month,","\t\t\tleap: leap,","\t\t\tleapMonth: leapMonth","\t\t};","\t};","","\t/*","\t * 返回两段日期的农历差了多少个月，因为有闰月，所以和公历不一样","\t * date1和date2允许为公历","\t */","\t_chineseLunar.monthDiff = function(lunar1, lunar2) {","\t\t//如果是公历的日期格式，则转换为农历","\t\tvar count = 0;","","\t\t//如果数据类型是日期，则转换为农历","\t\tif (lunar1 instanceof Date) lunar1 = _chineseLunar.solarToLunar(lunar1);","\t\tif (lunar2 instanceof Date) lunar2 = _chineseLunar.solarToLunar(lunar2);","","\t\t//两个日期是同一年","\t\tif (lunar1.year == lunar2.year) {","\t\t\tcount = lunar2.month - lunar1.month;","\t\t\t//中间有闰月的存在，计数器加一","\t\t\tif (lunar1.leapMonth >= lunar1.month && lunar1.leapMonth <= lunar2.month) count++;","\t\t} else {","\t\t\t//计算首年，如果当前的闰月大于当前月，或者当前年有闰月且当前月等于闰月，但当前月又不是闰月，则要多添加一个月","\t\t\tcount = 12;","\t\t\tif(lunar1.leapMonth > lunar1.month ||","\t\t\t\t(lunar1.leapMonth == lunar1.month && !lunar1.isLeaMonth)) count += 1;","\t\t\tcount  -= lunar1.month;","","\t\t\t//计算两年之间中间的年月份","\t\t\tvar year = lunar1.year + 1;","\t\t\tfor (var i = year; i < lunar2.year; i++) {","\t\t\t\tcount += _chineseLunar.monthsOfYear(year++);","\t\t\t}","\t\t\t//计算最后一年","\t\t\tcount += lunar2.month;","\t\t\tif (lunar2.isLeapMonth || lunar2.month < lunar2.leapMonth) count++;","\t\t};","\t\treturn count;","\t};","","\t/*","\t * 计算某年某月一个有多少天","\t * daysOfMonth({}) 或者 daysOfMonth(year, month, leap);","\t */","\t_chineseLunar.daysOfMonth = function(year, month, leap) {","\t\tif (typeof (year) == \"object\") {","\t\t\tmonth = year.month;","\t\t\tleap = year.leap;","\t\t\tyear = year.year;","\t\t};","","\t\tvar date1 = _chineseLunar.lunarToSolar(year, month, 1, leap);","\t\tvar leapMonth = _chineseLunar.leapMonthOfYear(year);","\t\tif (leapMonth == month && !leap) {","\t\t\t//如果是闰月和当前一月一至，且当前月不是闰月，说明下一个月是闰月，例如2009年5月，这一年闰5月，如果传过来的不是闰月，那么下一个月就是闰月","\t\t\tleap = true;","\t\t} else if (month == 12) {","\t\t\t//农历的最后一个月","\t\t\tyear++;","\t\t\tmonth = 1;","\t\t} else {","\t\t\tleap = false;","\t\t\tmonth++;","\t\t};","","\t\tvar date2 = _chineseLunar.lunarToSolar(year, month, 1, leap);","\t\treturn _dateDiff(date2, date1, \"d\");","","\t};","","\t//获取农历某一年有多少个月","\t_chineseLunar.monthsOfYear = function(year) {","\t\treturn MAPPING[year - MINYEAR].length - 1;","\t};","","\t//获取农历某年的闰月是几月，","\t_chineseLunar.leapMonthOfYear = function(year) {","\t\tvar info = MAPPING[year - MINYEAR];","\t\treturn info ? info[0] : 0;","\t};","","\t/*","\t 农历转阳历","\t lunarToSolar({})，或者lunarToSolar(year, month, day, leap)","\t */","\t_chineseLunar.lunarToSolar = function(year, month, day, leap) {","\t\tvar arg0 = arguments[0];","","\t\t//第一个参数是对象","\t\tif (typeof (arg0) == \"object\" && arguments.length == 1) {","\t\t\tyear = arg0.year;","\t\t\tmonth = arg0.month;","\t\t\tday = arg0.day;","\t\t\tleap = arg0.leap;","\t\t};","","\t\t//根据偏移量取得映射数据","\t\tvar offset = year - MINYEAR;","\t\t//所查询的日期超出范围","\t\tif (offset < 0 || offset > MAPPING.length){","\t\t\tthrow new Error('Specified date range is invalid.');","\t\t};","","\t\t//取得润月是哪一个月","\t\tvar leapMonth = MAPPING[offset][0];","\t\t//如果isLeap=true，并且当前月份就是闰月，或者本月有闰月，且当前月份大于闰月，则月份需要加1","\t\tif ((leap && month == leapMonth) ||","\t\t\t(leapMonth > 0 && month > leapMonth)){","\t\t\tmonth += 1;","\t\t};","","\t\t//取出对应到某个月的片断","\t\tvar segment = MAPPING[offset][month]; \t\t//农历第一天对应公历的具体天","\t\tvar mapMonth = Number(segment.substring(0, 2))","\t\tvar mapDate = Number(segment.substring(2, 4));","","\t\tif (mapMonth > 12) {","\t\t\tyear += 1;","\t\t\tmapMonth -= 12;","\t\t};","","\t\tvar solar = new Date(year, mapMonth - 1, mapDate);","\t\tvar time = solar.getTime() + ((day - 1) * 24 * 60 * 60 * 1000);","\t\treturn new Date(time);","\t};","","\t/*","\t 公历转农历","\t 1.查找对应农历初一是哪一天","\t 2.将农历初一转换为公历","\t 3.计入偏移量","\t */","\t_chineseLunar.solarToLunar = function(solar, format) {","\t\tvar offset = solar.getFullYear() - MINYEAR;","\t\t//超出范围","\t\tif(offset <= 0 || offset >= MAPPING.length){","\t\t\tthrow new Error('Specified date range is invalid.');","\t\t};","","\t\t//查找范围内的农历数据","\t\tvar data = _findLunar(solar, offset, 0, 13, false);","\t\t//如果没有找到，则找前一年的，因为农历在公历之前，并且不会超过一年，查一年就可以了","\t\tdata = data || _findLunar(solar, offset - 1, 12, 99, true);","","\t\t//还是没有找到，表示超出范围","\t\tif (!data) return false;","","\t\t//农历初一对应公历的哪一天","\t\tvar firstDay = new Date(data.year, data.month - 1, data.day);","\t\tvar day = _solarDiff(solar, firstDay, \"d\") + 1;","","\t\t//返回的农历结果","\t\tvar result = {","\t\t\tleap: data.leapMonth > 0 && data.leapMonth + 1 == data.lunarMonth,","\t\t\tyear: data.lunarYear,","\t\t\tmonth: data.leapMonth > 0 && data.lunarMonth > data.leapMonth ? data.lunarMonth - 1 : data.lunarMonth,","\t\t\tday: day,","\t\t\tleapMonth: data.leapMonth","\t\t};","","\t\t//判断是否要格式化结果","\t\treturn (format && result) ? _chineseLunar.format(result, format) : result;","\t};","","\t//获取中国传统干支的名称","\t_chineseLunar.traditionalYearName = function(year) {","\t\tvar Gan = \"甲乙丙丁戊己庚辛壬癸\".split(\"\");","\t\tvar Zhi = \"子丑寅卯辰巳午未申酉戌亥\".split(\"\");","\t\tyear = year - MINYEAR + 36;","\t\treturn (Gan[year % 10] + Zhi[year % 12] + \"年\");","\t};","","\t//获取中文的年","\t_chineseLunar.yearName = function(year) {","\t\tvar cnStr = '〇,一,二,三,四,五,六,七,八,九'.split(\",\");","\t\tvar cYear = year.toString();","\t\tvar result = '';","\t\tfor (var i = 0; i < cYear.length; i++) {","\t\t\tresult += cnStr[parseInt(cYear.charAt(i))];","\t\t}","\t\treturn result + '年';","\t};","","\t//获取中国的生肖","\t_chineseLunar.animalName = function(year) {","\t\treturn \"鼠牛虎兔龙蛇马羊猴鸡狗猪\".split(\"\")[(year - 4) % 12];","\t};","","\t//获取农历月的名称","\t_chineseLunar.monthName = function(month, traditional, leap) {","\t\tvar monthName = \"正,二,三,四,五,六,七,八,九,十,十一,十二\".split(\",\");","\t\tif (traditional) { monthName[11] = \"腊\" }","\t\treturn (leap ? \"闰\" : \"\") + monthName[month - 1] + \"月\";","\t};","","\t//获取农历传统天的名称","\t_chineseLunar.dayName = function(lunar) {","\t\tswitch (lunar) {","\t\t\tcase 10: return '初十';","\t\t\tcase 20: return '二十';","\t\t\tcase 30: return '三十';","\t\t\tdefault: return (\"初十廿卅\".split(\"\")[Math.floor(lunar / 10)] +","\t\t\t\t\"一二三四五六七八九十\".split(\"\")[(lunar - 1) % 10]) || lunar;","\t\t}","\t};","","\t//格式化农历日期，date是农历的日期","\t_chineseLunar.format = function(lunar, expr) {","\t\treturn expr.replace(/[TAYyMmdD]/g, function(m, i) {","\t\t\tswitch (m) {","\t\t\t\t//获取传统的年","\t\t\t\tcase \"T\": return _chineseLunar.traditionalYearName(lunar.year);","\t\t\t\t//获取生肖","\t\t\t\tcase \"A\": return _chineseLunar.animalName(lunar.year);","\t\t\t\t//获取中文的年","\t\t\t\tcase \"Y\": return _chineseLunar.yearName(lunar.year);","\t\t\t\t//获取数字年","\t\t\t\tcase \"y\": return lunar.year;","\t\t\t\t//获取月份","\t\t\t\tcase \"m\": return _chineseLunar.monthName(lunar.month, false, lunar.leap);","\t\t\t\t//获取传统的月","\t\t\t\tcase \"M\": return _chineseLunar.monthName(lunar.month, true, lunar.leap);","\t\t\t\t//获取天","\t\t\t\tcase \"d\": return _chineseLunar.dayName(lunar.day);","\t\t\t\t//如果是初一，则显示月，而不是显示","\t\t\t\tcase \"D\":","\t\t\t\t\tif(lunar.day == 1){","\t\t\t\t\t\treturn _chineseLunar.monthName(lunar.month, false, lunar.leap);","\t\t\t\t\t}else{","\t\t\t\t\t\treturn _chineseLunar.dayName(lunar.day);","\t\t\t\t\t};","\t\t\t}","\t\t});","\t};","","","\tif (typeof define === 'function'){","\t\tdefine (function (){","\t\t\treturn _chineseLunar;","\t\t});","\t}else if(typeof exports === 'object'){","\t\tmodule.exports = _chineseLunar;","\t}else{","\t\twindow.chineseLunar = _chineseLunar;","\t};","})();"],"l":{"9":1,"16":1,"218":1,"219":1,"224":1,"225":0,"226":0,"227":0,"229":0,"230":0,"231":0,"233":0,"238":0,"243":1,"244":0,"245":0,"246":0,"247":0,"248":0,"249":0,"250":0,"251":0,"252":0,"253":0,"258":1,"266":1,"268":0,"269":0,"271":0,"274":0,"275":0,"278":0,"279":0,"281":0,"282":0,"284":0,"285":0,"287":0,"288":0,"289":0,"291":0,"295":0,"297":0,"298":0,"299":0,"310":1,"311":0,"312":0,"315":0,"316":0,"317":0,"324":1,"326":0,"328":0,"329":0,"331":0,"337":1,"339":0,"340":0,"344":0,"345":0,"347":0,"353":1,"355":0,"356":0,"358":0,"359":0,"360":0,"361":0,"363":0,"364":0,"366":0,"367":0,"368":0,"369":0,"370":0,"372":0,"373":0,"378":0,"379":0,"381":0,"382":0,"384":0,"387":0,"399":1,"401":0,"404":0,"405":0,"408":0,"409":0,"411":0,"414":0,"415":0,"416":0,"417":0,"420":0,"421":0,"422":0,"425":0,"426":0,"428":0,"435":1,"436":0,"437":0,"438":0,"439":0,"442":0,"443":0,"444":0,"446":0,"447":0,"449":0,"450":0,"452":0,"453":0,"456":0,"457":0,"462":1,"463":0,"467":1,"468":0,"469":0,"476":1,"477":0,"480":0,"481":0,"482":0,"483":0,"484":0,"488":0,"490":0,"491":0,"495":0,"497":0,"499":0,"503":0,"504":0,"505":0,"507":0,"508":0,"509":0,"512":0,"513":0,"514":0,"523":1,"524":0,"526":0,"527":0,"531":0,"533":0,"536":0,"539":0,"540":0,"543":0,"552":0,"556":1,"557":0,"558":0,"559":0,"560":0,"564":1,"565":0,"566":0,"567":0,"568":0,"569":0,"571":0,"575":1,"576":0,"580":1,"581":0,"582":0,"583":0,"587":1,"588":0,"589":0,"590":0,"591":0,"592":0,"598":1,"599":0,"600":0,"602":0,"604":0,"606":0,"608":0,"610":0,"612":0,"614":0,"617":0,"618":0,"620":0,"627":1,"628":0,"629":0,"631":1,"632":1,"634":0}}}